2025-04-02 14:13:27,838 INFO o.a.j.u.JMeterUtils: Setting Locale to fr_FR
2025-04-02 14:13:27,863 INFO o.a.j.u.JMeterUtils: Could not find resources for 'fr_FR', using 'fr'
2025-04-02 14:13:27,864 INFO o.a.j.JMeter: Loading system properties from: system.properties
2025-04-02 14:13:27,870 INFO o.a.j.JMeter: Copyright (c) 1998-2024 The Apache Software Foundation
2025-04-02 14:13:27,871 INFO o.a.j.JMeter: Version 5.6.3
2025-04-02 14:13:27,871 INFO o.a.j.JMeter: java.version=21.0.6
2025-04-02 14:13:27,871 INFO o.a.j.JMeter: java.vm.name=OpenJDK 64-Bit Server VM
2025-04-02 14:13:27,871 INFO o.a.j.JMeter: os.name=Windows 11
2025-04-02 14:13:27,871 INFO o.a.j.JMeter: os.arch=amd64
2025-04-02 14:13:27,871 INFO o.a.j.JMeter: os.version=10.0
2025-04-02 14:13:27,871 INFO o.a.j.JMeter: file.encoding=UTF-8
2025-04-02 14:13:27,871 INFO o.a.j.JMeter: java.awt.headless=null
2025-04-02 14:13:27,871 INFO o.a.j.JMeter: Max memory     =536870912
2025-04-02 14:13:27,871 INFO o.a.j.JMeter: Available Processors =12
2025-04-02 14:13:27,879 INFO o.a.j.JMeter: Default Locale=français (France)
2025-04-02 14:13:27,879 INFO o.a.j.JMeter: JMeter  Locale=français (France)
2025-04-02 14:13:27,879 INFO o.a.j.JMeter: JMeterHome=C:\Users\User\Documents\maven-jemetre\demo\target\fff1f089-4313-403c-a94c-1ba1f8fa584a\jmeter
2025-04-02 14:13:27,879 INFO o.a.j.JMeter: user.dir  =C:\Users\User\Documents\maven-jemetre\demo\target\fff1f089-4313-403c-a94c-1ba1f8fa584a\jmeter\bin
2025-04-02 14:13:27,880 INFO o.a.j.JMeter: PWD       =C:\Users\User\Documents\maven-jemetre\demo\target\fff1f089-4313-403c-a94c-1ba1f8fa584a\jmeter\bin
2025-04-02 14:13:27,899 INFO o.a.j.JMeter: IP: 192.168.1.112 Name: DESKTOP-1D1ORTK FullName: DESKTOP-1D1ORTK.lan
2025-04-02 14:13:27,911 INFO o.a.j.JMeter: Loaded icon properties from org/apache/jmeter/images/icon.properties
2025-04-02 14:13:28,075 INFO o.a.j.JMeterGuiLauncher: Setting LAF to: com.github.weisj.darklaf.DarkLaf:com.github.weisj.darklaf.theme.DarculaTheme
2025-04-02 14:13:28,810 INFO o.a.j.r.ClassFinder: Will scan jar C:\Users\User\Documents\maven-jemetre\demo\target\fff1f089-4313-403c-a94c-1ba1f8fa584a\jmeter\lib\ext\ApacheJMeter_jms-5.5.jar with filter ExtendsClassFilter [parents=[interface org.apache.jmeter.gui.action.Command], inner=false, contains=null, notContains=null]. Consider exposing JMeter plugins via META-INF/services, and add JMeter-Skip-Class-Scanning=true manifest attribute so JMeter can skip classfile scanning
2025-04-02 14:13:28,823 INFO o.a.j.r.ClassFinder: Will scan jar C:\Users\User\Documents\maven-jemetre\demo\target\fff1f089-4313-403c-a94c-1ba1f8fa584a\jmeter\lib\ext\ApacheJMeter_bolt-5.5.jar with filter ExtendsClassFilter [parents=[interface org.apache.jmeter.gui.action.Command], inner=false, contains=null, notContains=null]. Consider exposing JMeter plugins via META-INF/services, and add JMeter-Skip-Class-Scanning=true manifest attribute so JMeter can skip classfile scanning
2025-04-02 14:13:28,826 INFO o.a.j.r.ClassFinder: Will scan jar C:\Users\User\Documents\maven-jemetre\demo\target\fff1f089-4313-403c-a94c-1ba1f8fa584a\jmeter\lib\ext\ApacheJMeter_mail-5.5.jar with filter ExtendsClassFilter [parents=[interface org.apache.jmeter.gui.action.Command], inner=false, contains=null, notContains=null]. Consider exposing JMeter plugins via META-INF/services, and add JMeter-Skip-Class-Scanning=true manifest attribute so JMeter can skip classfile scanning
2025-04-02 14:13:28,837 INFO o.a.j.r.ClassFinder: Will scan jar C:\Users\User\Documents\maven-jemetre\demo\target\fff1f089-4313-403c-a94c-1ba1f8fa584a\jmeter\lib\ext\ApacheJMeter_java-5.5.jar with filter ExtendsClassFilter [parents=[interface org.apache.jmeter.gui.action.Command], inner=false, contains=null, notContains=null]. Consider exposing JMeter plugins via META-INF/services, and add JMeter-Skip-Class-Scanning=true manifest attribute so JMeter can skip classfile scanning
2025-04-02 14:13:28,845 INFO o.a.j.r.ClassFinder: Will scan jar C:\Users\User\Documents\maven-jemetre\demo\target\fff1f089-4313-403c-a94c-1ba1f8fa584a\jmeter\lib\ext\ApacheJMeter_ftp-5.5.jar with filter ExtendsClassFilter [parents=[interface org.apache.jmeter.gui.action.Command], inner=false, contains=null, notContains=null]. Consider exposing JMeter plugins via META-INF/services, and add JMeter-Skip-Class-Scanning=true manifest attribute so JMeter can skip classfile scanning
2025-04-02 14:13:28,848 INFO o.a.j.r.ClassFinder: Will scan jar C:\Users\User\Documents\maven-jemetre\demo\target\fff1f089-4313-403c-a94c-1ba1f8fa584a\jmeter\lib\ext\ApacheJMeter_tcp-5.5.jar with filter ExtendsClassFilter [parents=[interface org.apache.jmeter.gui.action.Command], inner=false, contains=null, notContains=null]. Consider exposing JMeter plugins via META-INF/services, and add JMeter-Skip-Class-Scanning=true manifest attribute so JMeter can skip classfile scanning
2025-04-02 14:13:28,853 INFO o.a.j.r.ClassFinder: Will scan jar C:\Users\User\Documents\maven-jemetre\demo\target\fff1f089-4313-403c-a94c-1ba1f8fa584a\jmeter\lib\ext\jmeter-plugins-webdriver-4.13.0.2.jar with filter ExtendsClassFilter [parents=[interface org.apache.jmeter.gui.action.Command], inner=false, contains=null, notContains=null]. Consider exposing JMeter plugins via META-INF/services, and add JMeter-Skip-Class-Scanning=true manifest attribute so JMeter can skip classfile scanning
2025-04-02 14:13:28,866 INFO o.a.j.r.ClassFinder: Will scan jar C:\Users\User\Documents\maven-jemetre\demo\target\fff1f089-4313-403c-a94c-1ba1f8fa584a\jmeter\lib\ext\ApacheJMeter_components-5.5.jar with filter ExtendsClassFilter [parents=[interface org.apache.jmeter.gui.action.Command], inner=false, contains=null, notContains=null]. Consider exposing JMeter plugins via META-INF/services, and add JMeter-Skip-Class-Scanning=true manifest attribute so JMeter can skip classfile scanning
2025-04-02 14:13:28,939 INFO o.a.j.r.ClassFinder: Will scan jar C:\Users\User\Documents\maven-jemetre\demo\target\fff1f089-4313-403c-a94c-1ba1f8fa584a\jmeter\lib\ext\ApacheJMeter_junit-5.5.jar with filter ExtendsClassFilter [parents=[interface org.apache.jmeter.gui.action.Command], inner=false, contains=null, notContains=null]. Consider exposing JMeter plugins via META-INF/services, and add JMeter-Skip-Class-Scanning=true manifest attribute so JMeter can skip classfile scanning
2025-04-02 14:13:28,942 INFO o.a.j.r.ClassFinder: Will scan jar C:\Users\User\Documents\maven-jemetre\demo\target\fff1f089-4313-403c-a94c-1ba1f8fa584a\jmeter\lib\ext\ApacheJMeter_http-5.5.jar with filter ExtendsClassFilter [parents=[interface org.apache.jmeter.gui.action.Command], inner=false, contains=null, notContains=null]. Consider exposing JMeter plugins via META-INF/services, and add JMeter-Skip-Class-Scanning=true manifest attribute so JMeter can skip classfile scanning
2025-04-02 14:13:28,999 INFO o.a.j.r.ClassFinder: Will scan jar C:\Users\User\Documents\maven-jemetre\demo\target\fff1f089-4313-403c-a94c-1ba1f8fa584a\jmeter\lib\ext\ApacheJMeter_mongodb-5.5.jar with filter ExtendsClassFilter [parents=[interface org.apache.jmeter.gui.action.Command], inner=false, contains=null, notContains=null]. Consider exposing JMeter plugins via META-INF/services, and add JMeter-Skip-Class-Scanning=true manifest attribute so JMeter can skip classfile scanning
2025-04-02 14:13:29,005 INFO o.a.j.r.ClassFinder: Will scan jar C:\Users\User\Documents\maven-jemetre\demo\target\fff1f089-4313-403c-a94c-1ba1f8fa584a\jmeter\lib\ext\ApacheJMeter_core-5.5.jar with filter ExtendsClassFilter [parents=[interface org.apache.jmeter.gui.action.Command], inner=false, contains=null, notContains=null]. Consider exposing JMeter plugins via META-INF/services, and add JMeter-Skip-Class-Scanning=true manifest attribute so JMeter can skip classfile scanning
2025-04-02 14:13:29,122 INFO o.a.j.r.ClassFinder: Will scan jar C:\Users\User\Documents\maven-jemetre\demo\target\fff1f089-4313-403c-a94c-1ba1f8fa584a\jmeter\lib\ext\ApacheJMeter_functions-5.5.jar with filter ExtendsClassFilter [parents=[interface org.apache.jmeter.gui.action.Command], inner=false, contains=null, notContains=null]. Consider exposing JMeter plugins via META-INF/services, and add JMeter-Skip-Class-Scanning=true manifest attribute so JMeter can skip classfile scanning
2025-04-02 14:13:29,145 INFO o.a.j.r.ClassFinder: Will scan jar C:\Users\User\Documents\maven-jemetre\demo\target\fff1f089-4313-403c-a94c-1ba1f8fa584a\jmeter\lib\ext\ApacheJMeter_jdbc-5.5.jar with filter ExtendsClassFilter [parents=[interface org.apache.jmeter.gui.action.Command], inner=false, contains=null, notContains=null]. Consider exposing JMeter plugins via META-INF/services, and add JMeter-Skip-Class-Scanning=true manifest attribute so JMeter can skip classfile scanning
2025-04-02 14:13:29,149 INFO o.a.j.r.ClassFinder: Will scan jar C:\Users\User\Documents\maven-jemetre\demo\target\fff1f089-4313-403c-a94c-1ba1f8fa584a\jmeter\lib\ext\ApacheJMeter_ldap-5.5.jar with filter ExtendsClassFilter [parents=[interface org.apache.jmeter.gui.action.Command], inner=false, contains=null, notContains=null]. Consider exposing JMeter plugins via META-INF/services, and add JMeter-Skip-Class-Scanning=true manifest attribute so JMeter can skip classfile scanning
2025-04-02 14:13:29,157 INFO o.a.j.r.ClassFinder: Will scan jar C:\Users\User\Documents\maven-jemetre\demo\target\fff1f089-4313-403c-a94c-1ba1f8fa584a\jmeter\lib\ext\ApacheJMeter_native-5.5.jar with filter ExtendsClassFilter [parents=[interface org.apache.jmeter.gui.action.Command], inner=false, contains=null, notContains=null]. Consider exposing JMeter plugins via META-INF/services, and add JMeter-Skip-Class-Scanning=true manifest attribute so JMeter can skip classfile scanning
2025-04-02 14:13:29,477 INFO o.a.j.r.ClassFinder: Will scan jar C:\Users\User\Documents\maven-jemetre\demo\target\fff1f089-4313-403c-a94c-1ba1f8fa584a\jmeter\lib\ext\ApacheJMeter_jms-5.5.jar with filter ExtendsClassFilter [parents=[interface org.apache.jmeter.gui.plugin.MenuCreator], inner=false, contains=null, notContains=null]. Consider exposing JMeter plugins via META-INF/services, and add JMeter-Skip-Class-Scanning=true manifest attribute so JMeter can skip classfile scanning
2025-04-02 14:13:29,477 INFO o.a.j.r.ClassFinder: Will scan jar C:\Users\User\Documents\maven-jemetre\demo\target\fff1f089-4313-403c-a94c-1ba1f8fa584a\jmeter\lib\ext\ApacheJMeter_bolt-5.5.jar with filter ExtendsClassFilter [parents=[interface org.apache.jmeter.gui.plugin.MenuCreator], inner=false, contains=null, notContains=null]. Consider exposing JMeter plugins via META-INF/services, and add JMeter-Skip-Class-Scanning=true manifest attribute so JMeter can skip classfile scanning
2025-04-02 14:13:29,478 INFO o.a.j.r.ClassFinder: Will scan jar C:\Users\User\Documents\maven-jemetre\demo\target\fff1f089-4313-403c-a94c-1ba1f8fa584a\jmeter\lib\ext\ApacheJMeter_mail-5.5.jar with filter ExtendsClassFilter [parents=[interface org.apache.jmeter.gui.plugin.MenuCreator], inner=false, contains=null, notContains=null]. Consider exposing JMeter plugins via META-INF/services, and add JMeter-Skip-Class-Scanning=true manifest attribute so JMeter can skip classfile scanning
2025-04-02 14:13:29,479 INFO o.a.j.r.ClassFinder: Will scan jar C:\Users\User\Documents\maven-jemetre\demo\target\fff1f089-4313-403c-a94c-1ba1f8fa584a\jmeter\lib\ext\ApacheJMeter_java-5.5.jar with filter ExtendsClassFilter [parents=[interface org.apache.jmeter.gui.plugin.MenuCreator], inner=false, contains=null, notContains=null]. Consider exposing JMeter plugins via META-INF/services, and add JMeter-Skip-Class-Scanning=true manifest attribute so JMeter can skip classfile scanning
2025-04-02 14:13:29,479 INFO o.a.j.r.ClassFinder: Will scan jar C:\Users\User\Documents\maven-jemetre\demo\target\fff1f089-4313-403c-a94c-1ba1f8fa584a\jmeter\lib\ext\ApacheJMeter_ftp-5.5.jar with filter ExtendsClassFilter [parents=[interface org.apache.jmeter.gui.plugin.MenuCreator], inner=false, contains=null, notContains=null]. Consider exposing JMeter plugins via META-INF/services, and add JMeter-Skip-Class-Scanning=true manifest attribute so JMeter can skip classfile scanning
2025-04-02 14:13:29,479 INFO o.a.j.r.ClassFinder: Will scan jar C:\Users\User\Documents\maven-jemetre\demo\target\fff1f089-4313-403c-a94c-1ba1f8fa584a\jmeter\lib\ext\ApacheJMeter_tcp-5.5.jar with filter ExtendsClassFilter [parents=[interface org.apache.jmeter.gui.plugin.MenuCreator], inner=false, contains=null, notContains=null]. Consider exposing JMeter plugins via META-INF/services, and add JMeter-Skip-Class-Scanning=true manifest attribute so JMeter can skip classfile scanning
2025-04-02 14:13:29,480 INFO o.a.j.r.ClassFinder: Will scan jar C:\Users\User\Documents\maven-jemetre\demo\target\fff1f089-4313-403c-a94c-1ba1f8fa584a\jmeter\lib\ext\jmeter-plugins-webdriver-4.13.0.2.jar with filter ExtendsClassFilter [parents=[interface org.apache.jmeter.gui.plugin.MenuCreator], inner=false, contains=null, notContains=null]. Consider exposing JMeter plugins via META-INF/services, and add JMeter-Skip-Class-Scanning=true manifest attribute so JMeter can skip classfile scanning
2025-04-02 14:13:29,480 INFO o.a.j.r.ClassFinder: Will scan jar C:\Users\User\Documents\maven-jemetre\demo\target\fff1f089-4313-403c-a94c-1ba1f8fa584a\jmeter\lib\ext\ApacheJMeter_components-5.5.jar with filter ExtendsClassFilter [parents=[interface org.apache.jmeter.gui.plugin.MenuCreator], inner=false, contains=null, notContains=null]. Consider exposing JMeter plugins via META-INF/services, and add JMeter-Skip-Class-Scanning=true manifest attribute so JMeter can skip classfile scanning
2025-04-02 14:13:29,481 INFO o.a.j.r.ClassFinder: Will scan jar C:\Users\User\Documents\maven-jemetre\demo\target\fff1f089-4313-403c-a94c-1ba1f8fa584a\jmeter\lib\ext\ApacheJMeter_junit-5.5.jar with filter ExtendsClassFilter [parents=[interface org.apache.jmeter.gui.plugin.MenuCreator], inner=false, contains=null, notContains=null]. Consider exposing JMeter plugins via META-INF/services, and add JMeter-Skip-Class-Scanning=true manifest attribute so JMeter can skip classfile scanning
2025-04-02 14:13:29,481 INFO o.a.j.r.ClassFinder: Will scan jar C:\Users\User\Documents\maven-jemetre\demo\target\fff1f089-4313-403c-a94c-1ba1f8fa584a\jmeter\lib\ext\ApacheJMeter_http-5.5.jar with filter ExtendsClassFilter [parents=[interface org.apache.jmeter.gui.plugin.MenuCreator], inner=false, contains=null, notContains=null]. Consider exposing JMeter plugins via META-INF/services, and add JMeter-Skip-Class-Scanning=true manifest attribute so JMeter can skip classfile scanning
2025-04-02 14:13:29,482 INFO o.a.j.r.ClassFinder: Will scan jar C:\Users\User\Documents\maven-jemetre\demo\target\fff1f089-4313-403c-a94c-1ba1f8fa584a\jmeter\lib\ext\ApacheJMeter_mongodb-5.5.jar with filter ExtendsClassFilter [parents=[interface org.apache.jmeter.gui.plugin.MenuCreator], inner=false, contains=null, notContains=null]. Consider exposing JMeter plugins via META-INF/services, and add JMeter-Skip-Class-Scanning=true manifest attribute so JMeter can skip classfile scanning
2025-04-02 14:13:29,482 INFO o.a.j.r.ClassFinder: Will scan jar C:\Users\User\Documents\maven-jemetre\demo\target\fff1f089-4313-403c-a94c-1ba1f8fa584a\jmeter\lib\ext\ApacheJMeter_core-5.5.jar with filter ExtendsClassFilter [parents=[interface org.apache.jmeter.gui.plugin.MenuCreator], inner=false, contains=null, notContains=null]. Consider exposing JMeter plugins via META-INF/services, and add JMeter-Skip-Class-Scanning=true manifest attribute so JMeter can skip classfile scanning
2025-04-02 14:13:29,485 INFO o.a.j.r.ClassFinder: Will scan jar C:\Users\User\Documents\maven-jemetre\demo\target\fff1f089-4313-403c-a94c-1ba1f8fa584a\jmeter\lib\ext\ApacheJMeter_functions-5.5.jar with filter ExtendsClassFilter [parents=[interface org.apache.jmeter.gui.plugin.MenuCreator], inner=false, contains=null, notContains=null]. Consider exposing JMeter plugins via META-INF/services, and add JMeter-Skip-Class-Scanning=true manifest attribute so JMeter can skip classfile scanning
2025-04-02 14:13:29,486 INFO o.a.j.r.ClassFinder: Will scan jar C:\Users\User\Documents\maven-jemetre\demo\target\fff1f089-4313-403c-a94c-1ba1f8fa584a\jmeter\lib\ext\ApacheJMeter_jdbc-5.5.jar with filter ExtendsClassFilter [parents=[interface org.apache.jmeter.gui.plugin.MenuCreator], inner=false, contains=null, notContains=null]. Consider exposing JMeter plugins via META-INF/services, and add JMeter-Skip-Class-Scanning=true manifest attribute so JMeter can skip classfile scanning
2025-04-02 14:13:29,486 INFO o.a.j.r.ClassFinder: Will scan jar C:\Users\User\Documents\maven-jemetre\demo\target\fff1f089-4313-403c-a94c-1ba1f8fa584a\jmeter\lib\ext\ApacheJMeter_ldap-5.5.jar with filter ExtendsClassFilter [parents=[interface org.apache.jmeter.gui.plugin.MenuCreator], inner=false, contains=null, notContains=null]. Consider exposing JMeter plugins via META-INF/services, and add JMeter-Skip-Class-Scanning=true manifest attribute so JMeter can skip classfile scanning
2025-04-02 14:13:29,487 INFO o.a.j.r.ClassFinder: Will scan jar C:\Users\User\Documents\maven-jemetre\demo\target\fff1f089-4313-403c-a94c-1ba1f8fa584a\jmeter\lib\ext\ApacheJMeter_native-5.5.jar with filter ExtendsClassFilter [parents=[interface org.apache.jmeter.gui.plugin.MenuCreator], inner=false, contains=null, notContains=null]. Consider exposing JMeter plugins via META-INF/services, and add JMeter-Skip-Class-Scanning=true manifest attribute so JMeter can skip classfile scanning
2025-04-02 14:14:30,895 INFO o.a.j.u.JMeterUtils: Setting Locale to fr
2025-04-02 14:14:38,660 INFO o.a.j.u.JMeterUtils: Setting Locale to en
2025-04-02 14:15:21,033 INFO o.a.j.s.SampleResult: Note: Sample TimeStamps are START times
2025-04-02 14:15:21,033 INFO o.a.j.s.SampleResult: sampleresult.default.encoding is set to UTF-8
2025-04-02 14:15:21,033 INFO o.a.j.s.SampleResult: sampleresult.useNanoTime=true
2025-04-02 14:15:21,033 INFO o.a.j.s.SampleResult: sampleresult.nanoThreadSleep=5000
2025-04-02 14:17:06,821 INFO o.a.j.p.h.s.HTTPSamplerBase: Parser for text/html is org.apache.jmeter.protocol.http.parser.LagartoBasedHtmlParser
2025-04-02 14:17:06,821 INFO o.a.j.p.h.s.HTTPSamplerBase: Parser for application/xhtml+xml is org.apache.jmeter.protocol.http.parser.LagartoBasedHtmlParser
2025-04-02 14:17:06,821 INFO o.a.j.p.h.s.HTTPSamplerBase: Parser for application/xml is org.apache.jmeter.protocol.http.parser.LagartoBasedHtmlParser
2025-04-02 14:17:06,821 INFO o.a.j.p.h.s.HTTPSamplerBase: Parser for text/xml is org.apache.jmeter.protocol.http.parser.LagartoBasedHtmlParser
2025-04-02 14:17:06,821 INFO o.a.j.p.h.s.HTTPSamplerBase: Parser for text/vnd.wap.wml is org.apache.jmeter.protocol.http.parser.RegexpHTMLParser
2025-04-02 14:17:06,821 INFO o.a.j.p.h.s.HTTPSamplerBase: Parser for text/css is org.apache.jmeter.protocol.http.parser.CssParser
2025-04-02 14:18:55,091 INFO o.a.j.v.ViewResultsFullVisualizer: Add JavaFX to your Java installation if you want to use renderer: org.apache.jmeter.visualizers.RenderInBrowser
2025-04-02 14:19:02,589 INFO o.a.j.s.FileServer: Default base='C:\Users\User\Documents\maven-jemetre\demo\target\fff1f089-4313-403c-a94c-1ba1f8fa584a\jmeter\bin'
2025-04-02 14:19:02,592 INFO o.a.j.s.FileServer: Set new base='C:\Users\User\Documents\maven-jemetre\demo\target\fff1f089-4313-403c-a94c-1ba1f8fa584a\jmeter\bin'
2025-04-02 14:19:02,903 INFO o.a.j.s.SaveService: Testplan (JMX) version: 2.2. Testlog (JTL) version: 2.2
2025-04-02 14:19:02,911 INFO o.a.j.s.SaveService: Using SaveService properties version 5.0
2025-04-02 14:19:02,911 INFO o.a.j.s.SaveService: Using SaveService properties file encoding UTF-8
2025-04-02 14:19:03,002 INFO o.a.j.e.StandardJMeterEngine: Running the test!
2025-04-02 14:19:03,002 INFO o.a.j.s.SampleEvent: List of sample_variables: []
2025-04-02 14:19:03,002 INFO o.a.j.s.SampleEvent: List of sample_variables: []
2025-04-02 14:19:03,002 INFO o.a.j.e.u.CompoundVariable: Note: Function class names must contain the string: '.functions.'
2025-04-02 14:19:03,002 INFO o.a.j.e.u.CompoundVariable: Note: Function class names must not contain the string: '.gui.'
2025-04-02 14:19:03,008 INFO o.a.j.r.ClassFinder: Will scan jar C:\Users\User\Documents\maven-jemetre\demo\target\fff1f089-4313-403c-a94c-1ba1f8fa584a\jmeter\lib\ext\ApacheJMeter_jms-5.5.jar with filter ExtendsClassFilter [parents=[interface org.apache.jmeter.functions.Function], inner=false, contains=null, notContains=null]. Consider exposing JMeter plugins via META-INF/services, and add JMeter-Skip-Class-Scanning=true manifest attribute so JMeter can skip classfile scanning
2025-04-02 14:19:03,008 INFO o.a.j.r.ClassFinder: Will scan jar C:\Users\User\Documents\maven-jemetre\demo\target\fff1f089-4313-403c-a94c-1ba1f8fa584a\jmeter\lib\ext\ApacheJMeter_bolt-5.5.jar with filter ExtendsClassFilter [parents=[interface org.apache.jmeter.functions.Function], inner=false, contains=null, notContains=null]. Consider exposing JMeter plugins via META-INF/services, and add JMeter-Skip-Class-Scanning=true manifest attribute so JMeter can skip classfile scanning
2025-04-02 14:19:03,008 INFO o.a.j.r.ClassFinder: Will scan jar C:\Users\User\Documents\maven-jemetre\demo\target\fff1f089-4313-403c-a94c-1ba1f8fa584a\jmeter\lib\ext\ApacheJMeter_mail-5.5.jar with filter ExtendsClassFilter [parents=[interface org.apache.jmeter.functions.Function], inner=false, contains=null, notContains=null]. Consider exposing JMeter plugins via META-INF/services, and add JMeter-Skip-Class-Scanning=true manifest attribute so JMeter can skip classfile scanning
2025-04-02 14:19:03,008 INFO o.a.j.r.ClassFinder: Will scan jar C:\Users\User\Documents\maven-jemetre\demo\target\fff1f089-4313-403c-a94c-1ba1f8fa584a\jmeter\lib\ext\ApacheJMeter_java-5.5.jar with filter ExtendsClassFilter [parents=[interface org.apache.jmeter.functions.Function], inner=false, contains=null, notContains=null]. Consider exposing JMeter plugins via META-INF/services, and add JMeter-Skip-Class-Scanning=true manifest attribute so JMeter can skip classfile scanning
2025-04-02 14:19:03,008 INFO o.a.j.r.ClassFinder: Will scan jar C:\Users\User\Documents\maven-jemetre\demo\target\fff1f089-4313-403c-a94c-1ba1f8fa584a\jmeter\lib\ext\ApacheJMeter_ftp-5.5.jar with filter ExtendsClassFilter [parents=[interface org.apache.jmeter.functions.Function], inner=false, contains=null, notContains=null]. Consider exposing JMeter plugins via META-INF/services, and add JMeter-Skip-Class-Scanning=true manifest attribute so JMeter can skip classfile scanning
2025-04-02 14:19:03,008 INFO o.a.j.r.ClassFinder: Will scan jar C:\Users\User\Documents\maven-jemetre\demo\target\fff1f089-4313-403c-a94c-1ba1f8fa584a\jmeter\lib\ext\ApacheJMeter_tcp-5.5.jar with filter ExtendsClassFilter [parents=[interface org.apache.jmeter.functions.Function], inner=false, contains=null, notContains=null]. Consider exposing JMeter plugins via META-INF/services, and add JMeter-Skip-Class-Scanning=true manifest attribute so JMeter can skip classfile scanning
2025-04-02 14:19:03,008 INFO o.a.j.r.ClassFinder: Will scan jar C:\Users\User\Documents\maven-jemetre\demo\target\fff1f089-4313-403c-a94c-1ba1f8fa584a\jmeter\lib\ext\jmeter-plugins-webdriver-4.13.0.2.jar with filter ExtendsClassFilter [parents=[interface org.apache.jmeter.functions.Function], inner=false, contains=null, notContains=null]. Consider exposing JMeter plugins via META-INF/services, and add JMeter-Skip-Class-Scanning=true manifest attribute so JMeter can skip classfile scanning
2025-04-02 14:19:03,008 INFO o.a.j.r.ClassFinder: Will scan jar C:\Users\User\Documents\maven-jemetre\demo\target\fff1f089-4313-403c-a94c-1ba1f8fa584a\jmeter\lib\ext\ApacheJMeter_components-5.5.jar with filter ExtendsClassFilter [parents=[interface org.apache.jmeter.functions.Function], inner=false, contains=null, notContains=null]. Consider exposing JMeter plugins via META-INF/services, and add JMeter-Skip-Class-Scanning=true manifest attribute so JMeter can skip classfile scanning
2025-04-02 14:19:03,008 INFO o.a.j.r.ClassFinder: Will scan jar C:\Users\User\Documents\maven-jemetre\demo\target\fff1f089-4313-403c-a94c-1ba1f8fa584a\jmeter\lib\ext\ApacheJMeter_junit-5.5.jar with filter ExtendsClassFilter [parents=[interface org.apache.jmeter.functions.Function], inner=false, contains=null, notContains=null]. Consider exposing JMeter plugins via META-INF/services, and add JMeter-Skip-Class-Scanning=true manifest attribute so JMeter can skip classfile scanning
2025-04-02 14:19:03,008 INFO o.a.j.r.ClassFinder: Will scan jar C:\Users\User\Documents\maven-jemetre\demo\target\fff1f089-4313-403c-a94c-1ba1f8fa584a\jmeter\lib\ext\ApacheJMeter_http-5.5.jar with filter ExtendsClassFilter [parents=[interface org.apache.jmeter.functions.Function], inner=false, contains=null, notContains=null]. Consider exposing JMeter plugins via META-INF/services, and add JMeter-Skip-Class-Scanning=true manifest attribute so JMeter can skip classfile scanning
2025-04-02 14:19:03,016 INFO o.a.j.r.ClassFinder: Will scan jar C:\Users\User\Documents\maven-jemetre\demo\target\fff1f089-4313-403c-a94c-1ba1f8fa584a\jmeter\lib\ext\ApacheJMeter_mongodb-5.5.jar with filter ExtendsClassFilter [parents=[interface org.apache.jmeter.functions.Function], inner=false, contains=null, notContains=null]. Consider exposing JMeter plugins via META-INF/services, and add JMeter-Skip-Class-Scanning=true manifest attribute so JMeter can skip classfile scanning
2025-04-02 14:19:03,016 INFO o.a.j.r.ClassFinder: Will scan jar C:\Users\User\Documents\maven-jemetre\demo\target\fff1f089-4313-403c-a94c-1ba1f8fa584a\jmeter\lib\ext\ApacheJMeter_core-5.5.jar with filter ExtendsClassFilter [parents=[interface org.apache.jmeter.functions.Function], inner=false, contains=null, notContains=null]. Consider exposing JMeter plugins via META-INF/services, and add JMeter-Skip-Class-Scanning=true manifest attribute so JMeter can skip classfile scanning
2025-04-02 14:19:03,016 INFO o.a.j.r.ClassFinder: Will scan jar C:\Users\User\Documents\maven-jemetre\demo\target\fff1f089-4313-403c-a94c-1ba1f8fa584a\jmeter\lib\ext\ApacheJMeter_functions-5.5.jar with filter ExtendsClassFilter [parents=[interface org.apache.jmeter.functions.Function], inner=false, contains=null, notContains=null]. Consider exposing JMeter plugins via META-INF/services, and add JMeter-Skip-Class-Scanning=true manifest attribute so JMeter can skip classfile scanning
2025-04-02 14:19:03,016 INFO o.a.j.r.ClassFinder: Will scan jar C:\Users\User\Documents\maven-jemetre\demo\target\fff1f089-4313-403c-a94c-1ba1f8fa584a\jmeter\lib\ext\ApacheJMeter_jdbc-5.5.jar with filter ExtendsClassFilter [parents=[interface org.apache.jmeter.functions.Function], inner=false, contains=null, notContains=null]. Consider exposing JMeter plugins via META-INF/services, and add JMeter-Skip-Class-Scanning=true manifest attribute so JMeter can skip classfile scanning
2025-04-02 14:19:03,016 INFO o.a.j.r.ClassFinder: Will scan jar C:\Users\User\Documents\maven-jemetre\demo\target\fff1f089-4313-403c-a94c-1ba1f8fa584a\jmeter\lib\ext\ApacheJMeter_ldap-5.5.jar with filter ExtendsClassFilter [parents=[interface org.apache.jmeter.functions.Function], inner=false, contains=null, notContains=null]. Consider exposing JMeter plugins via META-INF/services, and add JMeter-Skip-Class-Scanning=true manifest attribute so JMeter can skip classfile scanning
2025-04-02 14:19:03,016 INFO o.a.j.r.ClassFinder: Will scan jar C:\Users\User\Documents\maven-jemetre\demo\target\fff1f089-4313-403c-a94c-1ba1f8fa584a\jmeter\lib\ext\ApacheJMeter_native-5.5.jar with filter ExtendsClassFilter [parents=[interface org.apache.jmeter.functions.Function], inner=false, contains=null, notContains=null]. Consider exposing JMeter plugins via META-INF/services, and add JMeter-Skip-Class-Scanning=true manifest attribute so JMeter can skip classfile scanning
2025-04-02 14:19:03,066 INFO o.a.j.g.u.JMeterMenuBar: setRunning(true, *local*)
2025-04-02 14:19:03,123 INFO o.a.j.e.StandardJMeterEngine: Starting ThreadGroup: 1 : Thread Group
2025-04-02 14:19:03,123 INFO o.a.j.e.StandardJMeterEngine: Starting 1 threads for group Thread Group.
2025-04-02 14:19:03,123 INFO o.a.j.e.StandardJMeterEngine: Thread will continue on error
2025-04-02 14:19:03,123 INFO o.a.j.t.ThreadGroup: Starting thread group... number=1 threads=1 ramp-up=1 delayedStart=false
2025-04-02 14:19:03,126 INFO o.a.j.t.ThreadGroup: Started thread group number 1
2025-04-02 14:19:03,126 INFO o.a.j.e.StandardJMeterEngine: All thread groups have been started
2025-04-02 14:19:03,126 INFO o.a.j.t.JMeterThread: Thread started: Thread Group 1-1
2025-04-02 14:19:03,135 INFO o.a.j.p.h.s.HTTPHCAbstractImpl: Local host = DESKTOP-1D1ORTK
2025-04-02 14:19:03,158 INFO o.a.j.p.h.s.HTTPHC4Impl: HTTP request retry count = 0
2025-04-02 14:19:03,436 INFO o.a.j.t.JMeterThread: Thread is done: Thread Group 1-1
2025-04-02 14:19:03,436 INFO o.a.j.t.JMeterThread: Thread finished: Thread Group 1-1
2025-04-02 14:19:03,436 INFO o.a.j.e.StandardJMeterEngine: Notifying test listeners of end of test
2025-04-02 14:19:03,436 INFO o.a.j.g.u.JMeterMenuBar: setRunning(false, *local*)
2025-04-02 14:19:07,233 INFO o.a.j.e.StandardJMeterEngine: Running the test!
2025-04-02 14:19:07,233 INFO o.a.j.s.SampleEvent: List of sample_variables: []
2025-04-02 14:19:07,233 INFO o.a.j.g.u.JMeterMenuBar: setRunning(true, *local*)
2025-04-02 14:19:07,273 INFO o.a.j.e.StandardJMeterEngine: Starting ThreadGroup: 1 : Thread Group
2025-04-02 14:19:07,273 INFO o.a.j.e.StandardJMeterEngine: Starting 1 threads for group Thread Group.
2025-04-02 14:19:07,273 INFO o.a.j.e.StandardJMeterEngine: Thread will continue on error
2025-04-02 14:19:07,273 INFO o.a.j.t.ThreadGroup: Starting thread group... number=1 threads=1 ramp-up=1 delayedStart=false
2025-04-02 14:19:07,273 INFO o.a.j.t.ThreadGroup: Started thread group number 1
2025-04-02 14:19:07,273 INFO o.a.j.e.StandardJMeterEngine: All thread groups have been started
2025-04-02 14:19:07,273 INFO o.a.j.t.JMeterThread: Thread started: Thread Group 1-1
2025-04-02 14:19:07,399 INFO o.a.j.t.JMeterThread: Thread is done: Thread Group 1-1
2025-04-02 14:19:07,399 INFO o.a.j.t.JMeterThread: Thread finished: Thread Group 1-1
2025-04-02 14:19:07,399 INFO o.a.j.e.StandardJMeterEngine: Notifying test listeners of end of test
2025-04-02 14:19:07,399 INFO o.a.j.g.u.JMeterMenuBar: setRunning(false, *local*)
2025-04-02 14:19:58,807 INFO o.a.j.e.StandardJMeterEngine: Running the test!
2025-04-02 14:19:58,807 INFO o.a.j.s.SampleEvent: List of sample_variables: []
2025-04-02 14:19:58,812 INFO o.a.j.g.u.JMeterMenuBar: setRunning(true, *local*)
2025-04-02 14:19:58,913 INFO o.a.j.e.StandardJMeterEngine: Starting ThreadGroup: 1 : Thread Group
2025-04-02 14:19:58,913 INFO o.a.j.e.StandardJMeterEngine: Starting 1 threads for group Thread Group.
2025-04-02 14:19:58,913 INFO o.a.j.e.StandardJMeterEngine: Thread will continue on error
2025-04-02 14:19:58,913 INFO o.a.j.t.ThreadGroup: Starting thread group... number=1 threads=1 ramp-up=1 delayedStart=false
2025-04-02 14:19:58,913 INFO o.a.j.t.ThreadGroup: Started thread group number 1
2025-04-02 14:19:58,913 INFO o.a.j.e.StandardJMeterEngine: All thread groups have been started
2025-04-02 14:19:58,916 INFO o.a.j.t.JMeterThread: Thread started: Thread Group 1-1
2025-04-02 14:19:59,017 INFO o.a.j.t.JMeterThread: Thread is done: Thread Group 1-1
2025-04-02 14:19:59,018 INFO o.a.j.t.JMeterThread: Thread finished: Thread Group 1-1
2025-04-02 14:19:59,019 INFO o.a.j.e.StandardJMeterEngine: Notifying test listeners of end of test
2025-04-02 14:19:59,019 INFO o.a.j.g.u.JMeterMenuBar: setRunning(false, *local*)
2025-04-02 14:20:23,872 INFO o.a.j.e.StandardJMeterEngine: Running the test!
2025-04-02 14:20:23,872 INFO o.a.j.s.SampleEvent: List of sample_variables: []
2025-04-02 14:20:23,872 INFO o.a.j.g.u.JMeterMenuBar: setRunning(true, *local*)
2025-04-02 14:20:23,903 INFO o.a.j.e.StandardJMeterEngine: Starting ThreadGroup: 1 : Thread Group
2025-04-02 14:20:23,903 INFO o.a.j.e.StandardJMeterEngine: Starting 1 threads for group Thread Group.
2025-04-02 14:20:23,903 INFO o.a.j.e.StandardJMeterEngine: Thread will continue on error
2025-04-02 14:20:23,903 INFO o.a.j.t.ThreadGroup: Starting thread group... number=1 threads=1 ramp-up=1 delayedStart=false
2025-04-02 14:20:23,903 INFO o.a.j.t.ThreadGroup: Started thread group number 1
2025-04-02 14:20:23,903 INFO o.a.j.e.StandardJMeterEngine: All thread groups have been started
2025-04-02 14:20:23,903 INFO o.a.j.t.JMeterThread: Thread started: Thread Group 1-1
2025-04-02 14:20:24,177 INFO o.a.j.t.JMeterThread: Thread is done: Thread Group 1-1
2025-04-02 14:20:24,184 INFO o.a.j.t.JMeterThread: Thread finished: Thread Group 1-1
2025-04-02 14:20:24,184 INFO o.a.j.e.StandardJMeterEngine: Notifying test listeners of end of test
2025-04-02 14:20:24,184 INFO o.a.j.g.u.JMeterMenuBar: setRunning(false, *local*)
