2025-04-03 12:04:29,276 INFO o.a.j.u.JMeterUtils: Setting Locale to fr_FR
2025-04-03 12:04:29,307 INFO o.a.j.u.JMeterUtils: Could not find resources for 'fr_FR', using 'fr'
2025-04-03 12:04:29,308 INFO o.a.j.JMeter: Loading system properties from: system.properties
2025-04-03 12:04:29,319 INFO o.a.j.JMeter: Copyright (c) 1998-2024 The Apache Software Foundation
2025-04-03 12:04:29,319 INFO o.a.j.JMeter: Version 5.6.3
2025-04-03 12:04:29,319 INFO o.a.j.JMeter: java.version=21.0.6
2025-04-03 12:04:29,319 INFO o.a.j.JMeter: java.vm.name=OpenJDK 64-Bit Server VM
2025-04-03 12:04:29,319 INFO o.a.j.JMeter: os.name=Windows 11
2025-04-03 12:04:29,319 INFO o.a.j.JMeter: os.arch=amd64
2025-04-03 12:04:29,319 INFO o.a.j.JMeter: os.version=10.0
2025-04-03 12:04:29,356 INFO o.a.j.JMeter: file.encoding=UTF-8
2025-04-03 12:04:29,356 INFO o.a.j.JMeter: java.awt.headless=null
2025-04-03 12:04:29,356 INFO o.a.j.JMeter: Max memory     =536870912
2025-04-03 12:04:29,357 INFO o.a.j.JMeter: Available Processors =12
2025-04-03 12:04:29,364 INFO o.a.j.JMeter: Default Locale=français (France)
2025-04-03 12:04:29,364 INFO o.a.j.JMeter: JMeter  Locale=français (France)
2025-04-03 12:04:29,365 INFO o.a.j.JMeter: JMeterHome=C:\Users\User\Documents\maven-jemetre\demo\target\64089294-73c6-4dab-9924-9bc88ad4a7a0\jmeter
2025-04-03 12:04:29,365 INFO o.a.j.JMeter: user.dir  =C:\Users\User\Documents\maven-jemetre\demo\target\64089294-73c6-4dab-9924-9bc88ad4a7a0\jmeter\bin
2025-04-03 12:04:29,365 INFO o.a.j.JMeter: PWD       =C:\Users\User\Documents\maven-jemetre\demo\target\64089294-73c6-4dab-9924-9bc88ad4a7a0\jmeter\bin
2025-04-03 12:04:29,392 INFO o.a.j.JMeter: IP: 192.168.1.112 Name: DESKTOP-1D1ORTK FullName: DESKTOP-1D1ORTK.lan
2025-04-03 12:04:29,406 INFO o.a.j.JMeter: Loaded icon properties from org/apache/jmeter/images/icon.properties
2025-04-03 12:04:29,599 INFO o.a.j.JMeterGuiLauncher: Setting LAF to: com.github.weisj.darklaf.DarkLaf:com.github.weisj.darklaf.theme.DarculaTheme
2025-04-03 12:04:30,549 INFO o.a.j.r.ClassFinder: Will scan jar C:\Users\User\Documents\maven-jemetre\demo\target\64089294-73c6-4dab-9924-9bc88ad4a7a0\jmeter\lib\ext\ApacheJMeter_bolt-5.5.jar with filter ExtendsClassFilter [parents=[interface org.apache.jmeter.gui.action.Command], inner=false, contains=null, notContains=null]. Consider exposing JMeter plugins via META-INF/services, and add JMeter-Skip-Class-Scanning=true manifest attribute so JMeter can skip classfile scanning
2025-04-03 12:04:30,554 INFO o.a.j.r.ClassFinder: Will scan jar C:\Users\User\Documents\maven-jemetre\demo\target\64089294-73c6-4dab-9924-9bc88ad4a7a0\jmeter\lib\ext\ApacheJMeter_core-5.5.jar with filter ExtendsClassFilter [parents=[interface org.apache.jmeter.gui.action.Command], inner=false, contains=null, notContains=null]. Consider exposing JMeter plugins via META-INF/services, and add JMeter-Skip-Class-Scanning=true manifest attribute so JMeter can skip classfile scanning
2025-04-03 12:04:30,705 INFO o.a.j.r.ClassFinder: Will scan jar C:\Users\User\Documents\maven-jemetre\demo\target\64089294-73c6-4dab-9924-9bc88ad4a7a0\jmeter\lib\ext\ApacheJMeter_mail-5.5.jar with filter ExtendsClassFilter [parents=[interface org.apache.jmeter.gui.action.Command], inner=false, contains=null, notContains=null]. Consider exposing JMeter plugins via META-INF/services, and add JMeter-Skip-Class-Scanning=true manifest attribute so JMeter can skip classfile scanning
2025-04-03 12:04:30,718 INFO o.a.j.r.ClassFinder: Will scan jar C:\Users\User\Documents\maven-jemetre\demo\target\64089294-73c6-4dab-9924-9bc88ad4a7a0\jmeter\lib\ext\ApacheJMeter_tcp-5.5.jar with filter ExtendsClassFilter [parents=[interface org.apache.jmeter.gui.action.Command], inner=false, contains=null, notContains=null]. Consider exposing JMeter plugins via META-INF/services, and add JMeter-Skip-Class-Scanning=true manifest attribute so JMeter can skip classfile scanning
2025-04-03 12:04:30,722 INFO o.a.j.r.ClassFinder: Will scan jar C:\Users\User\Documents\maven-jemetre\demo\target\64089294-73c6-4dab-9924-9bc88ad4a7a0\jmeter\lib\ext\ApacheJMeter_ftp-5.5.jar with filter ExtendsClassFilter [parents=[interface org.apache.jmeter.gui.action.Command], inner=false, contains=null, notContains=null]. Consider exposing JMeter plugins via META-INF/services, and add JMeter-Skip-Class-Scanning=true manifest attribute so JMeter can skip classfile scanning
2025-04-03 12:04:30,724 INFO o.a.j.r.ClassFinder: Will scan jar C:\Users\User\Documents\maven-jemetre\demo\target\64089294-73c6-4dab-9924-9bc88ad4a7a0\jmeter\lib\ext\ApacheJMeter_http-5.5.jar with filter ExtendsClassFilter [parents=[interface org.apache.jmeter.gui.action.Command], inner=false, contains=null, notContains=null]. Consider exposing JMeter plugins via META-INF/services, and add JMeter-Skip-Class-Scanning=true manifest attribute so JMeter can skip classfile scanning
2025-04-03 12:04:30,800 INFO o.a.j.r.ClassFinder: Will scan jar C:\Users\User\Documents\maven-jemetre\demo\target\64089294-73c6-4dab-9924-9bc88ad4a7a0\jmeter\lib\ext\ApacheJMeter_native-5.5.jar with filter ExtendsClassFilter [parents=[interface org.apache.jmeter.gui.action.Command], inner=false, contains=null, notContains=null]. Consider exposing JMeter plugins via META-INF/services, and add JMeter-Skip-Class-Scanning=true manifest attribute so JMeter can skip classfile scanning
2025-04-03 12:04:30,804 INFO o.a.j.r.ClassFinder: Will scan jar C:\Users\User\Documents\maven-jemetre\demo\target\64089294-73c6-4dab-9924-9bc88ad4a7a0\jmeter\lib\ext\ApacheJMeter_ldap-5.5.jar with filter ExtendsClassFilter [parents=[interface org.apache.jmeter.gui.action.Command], inner=false, contains=null, notContains=null]. Consider exposing JMeter plugins via META-INF/services, and add JMeter-Skip-Class-Scanning=true manifest attribute so JMeter can skip classfile scanning
2025-04-03 12:04:30,810 INFO o.a.j.r.ClassFinder: Will scan jar C:\Users\User\Documents\maven-jemetre\demo\target\64089294-73c6-4dab-9924-9bc88ad4a7a0\jmeter\lib\ext\ApacheJMeter_java-5.5.jar with filter ExtendsClassFilter [parents=[interface org.apache.jmeter.gui.action.Command], inner=false, contains=null, notContains=null]. Consider exposing JMeter plugins via META-INF/services, and add JMeter-Skip-Class-Scanning=true manifest attribute so JMeter can skip classfile scanning
2025-04-03 12:04:30,817 INFO o.a.j.r.ClassFinder: Will scan jar C:\Users\User\Documents\maven-jemetre\demo\target\64089294-73c6-4dab-9924-9bc88ad4a7a0\jmeter\lib\ext\ApacheJMeter_components-5.5.jar with filter ExtendsClassFilter [parents=[interface org.apache.jmeter.gui.action.Command], inner=false, contains=null, notContains=null]. Consider exposing JMeter plugins via META-INF/services, and add JMeter-Skip-Class-Scanning=true manifest attribute so JMeter can skip classfile scanning
2025-04-03 12:04:30,916 INFO o.a.j.r.ClassFinder: Will scan jar C:\Users\User\Documents\maven-jemetre\demo\target\64089294-73c6-4dab-9924-9bc88ad4a7a0\jmeter\lib\ext\ApacheJMeter_mongodb-5.5.jar with filter ExtendsClassFilter [parents=[interface org.apache.jmeter.gui.action.Command], inner=false, contains=null, notContains=null]. Consider exposing JMeter plugins via META-INF/services, and add JMeter-Skip-Class-Scanning=true manifest attribute so JMeter can skip classfile scanning
2025-04-03 12:04:30,919 INFO o.a.j.r.ClassFinder: Will scan jar C:\Users\User\Documents\maven-jemetre\demo\target\64089294-73c6-4dab-9924-9bc88ad4a7a0\jmeter\lib\ext\ApacheJMeter_functions-5.5.jar with filter ExtendsClassFilter [parents=[interface org.apache.jmeter.gui.action.Command], inner=false, contains=null, notContains=null]. Consider exposing JMeter plugins via META-INF/services, and add JMeter-Skip-Class-Scanning=true manifest attribute so JMeter can skip classfile scanning
2025-04-03 12:04:30,935 INFO o.a.j.r.ClassFinder: Will scan jar C:\Users\User\Documents\maven-jemetre\demo\target\64089294-73c6-4dab-9924-9bc88ad4a7a0\jmeter\lib\ext\ApacheJMeter_jdbc-5.5.jar with filter ExtendsClassFilter [parents=[interface org.apache.jmeter.gui.action.Command], inner=false, contains=null, notContains=null]. Consider exposing JMeter plugins via META-INF/services, and add JMeter-Skip-Class-Scanning=true manifest attribute so JMeter can skip classfile scanning
2025-04-03 12:04:30,940 INFO o.a.j.r.ClassFinder: Will scan jar C:\Users\User\Documents\maven-jemetre\demo\target\64089294-73c6-4dab-9924-9bc88ad4a7a0\jmeter\lib\ext\ApacheJMeter_jms-5.5.jar with filter ExtendsClassFilter [parents=[interface org.apache.jmeter.gui.action.Command], inner=false, contains=null, notContains=null]. Consider exposing JMeter plugins via META-INF/services, and add JMeter-Skip-Class-Scanning=true manifest attribute so JMeter can skip classfile scanning
2025-04-03 12:04:30,954 INFO o.a.j.r.ClassFinder: Will scan jar C:\Users\User\Documents\maven-jemetre\demo\target\64089294-73c6-4dab-9924-9bc88ad4a7a0\jmeter\lib\ext\ApacheJMeter_junit-5.5.jar with filter ExtendsClassFilter [parents=[interface org.apache.jmeter.gui.action.Command], inner=false, contains=null, notContains=null]. Consider exposing JMeter plugins via META-INF/services, and add JMeter-Skip-Class-Scanning=true manifest attribute so JMeter can skip classfile scanning
2025-04-03 12:04:30,956 INFO o.a.j.r.ClassFinder: Will scan jar C:\Users\User\Documents\maven-jemetre\demo\target\64089294-73c6-4dab-9924-9bc88ad4a7a0\jmeter\lib\ext\jmeter-plugins-webdriver-4.13.0.2.jar with filter ExtendsClassFilter [parents=[interface org.apache.jmeter.gui.action.Command], inner=false, contains=null, notContains=null]. Consider exposing JMeter plugins via META-INF/services, and add JMeter-Skip-Class-Scanning=true manifest attribute so JMeter can skip classfile scanning
2025-04-03 12:04:31,345 INFO o.a.j.r.ClassFinder: Will scan jar C:\Users\User\Documents\maven-jemetre\demo\target\64089294-73c6-4dab-9924-9bc88ad4a7a0\jmeter\lib\ext\ApacheJMeter_bolt-5.5.jar with filter ExtendsClassFilter [parents=[interface org.apache.jmeter.gui.plugin.MenuCreator], inner=false, contains=null, notContains=null]. Consider exposing JMeter plugins via META-INF/services, and add JMeter-Skip-Class-Scanning=true manifest attribute so JMeter can skip classfile scanning
2025-04-03 12:04:31,348 INFO o.a.j.r.ClassFinder: Will scan jar C:\Users\User\Documents\maven-jemetre\demo\target\64089294-73c6-4dab-9924-9bc88ad4a7a0\jmeter\lib\ext\ApacheJMeter_core-5.5.jar with filter ExtendsClassFilter [parents=[interface org.apache.jmeter.gui.plugin.MenuCreator], inner=false, contains=null, notContains=null]. Consider exposing JMeter plugins via META-INF/services, and add JMeter-Skip-Class-Scanning=true manifest attribute so JMeter can skip classfile scanning
2025-04-03 12:04:31,350 INFO o.a.j.r.ClassFinder: Will scan jar C:\Users\User\Documents\maven-jemetre\demo\target\64089294-73c6-4dab-9924-9bc88ad4a7a0\jmeter\lib\ext\ApacheJMeter_mail-5.5.jar with filter ExtendsClassFilter [parents=[interface org.apache.jmeter.gui.plugin.MenuCreator], inner=false, contains=null, notContains=null]. Consider exposing JMeter plugins via META-INF/services, and add JMeter-Skip-Class-Scanning=true manifest attribute so JMeter can skip classfile scanning
2025-04-03 12:04:31,350 INFO o.a.j.r.ClassFinder: Will scan jar C:\Users\User\Documents\maven-jemetre\demo\target\64089294-73c6-4dab-9924-9bc88ad4a7a0\jmeter\lib\ext\ApacheJMeter_tcp-5.5.jar with filter ExtendsClassFilter [parents=[interface org.apache.jmeter.gui.plugin.MenuCreator], inner=false, contains=null, notContains=null]. Consider exposing JMeter plugins via META-INF/services, and add JMeter-Skip-Class-Scanning=true manifest attribute so JMeter can skip classfile scanning
2025-04-03 12:04:31,351 INFO o.a.j.r.ClassFinder: Will scan jar C:\Users\User\Documents\maven-jemetre\demo\target\64089294-73c6-4dab-9924-9bc88ad4a7a0\jmeter\lib\ext\ApacheJMeter_ftp-5.5.jar with filter ExtendsClassFilter [parents=[interface org.apache.jmeter.gui.plugin.MenuCreator], inner=false, contains=null, notContains=null]. Consider exposing JMeter plugins via META-INF/services, and add JMeter-Skip-Class-Scanning=true manifest attribute so JMeter can skip classfile scanning
2025-04-03 12:04:31,351 INFO o.a.j.r.ClassFinder: Will scan jar C:\Users\User\Documents\maven-jemetre\demo\target\64089294-73c6-4dab-9924-9bc88ad4a7a0\jmeter\lib\ext\ApacheJMeter_http-5.5.jar with filter ExtendsClassFilter [parents=[interface org.apache.jmeter.gui.plugin.MenuCreator], inner=false, contains=null, notContains=null]. Consider exposing JMeter plugins via META-INF/services, and add JMeter-Skip-Class-Scanning=true manifest attribute so JMeter can skip classfile scanning
2025-04-03 12:04:31,352 INFO o.a.j.r.ClassFinder: Will scan jar C:\Users\User\Documents\maven-jemetre\demo\target\64089294-73c6-4dab-9924-9bc88ad4a7a0\jmeter\lib\ext\ApacheJMeter_native-5.5.jar with filter ExtendsClassFilter [parents=[interface org.apache.jmeter.gui.plugin.MenuCreator], inner=false, contains=null, notContains=null]. Consider exposing JMeter plugins via META-INF/services, and add JMeter-Skip-Class-Scanning=true manifest attribute so JMeter can skip classfile scanning
2025-04-03 12:04:31,353 INFO o.a.j.r.ClassFinder: Will scan jar C:\Users\User\Documents\maven-jemetre\demo\target\64089294-73c6-4dab-9924-9bc88ad4a7a0\jmeter\lib\ext\ApacheJMeter_ldap-5.5.jar with filter ExtendsClassFilter [parents=[interface org.apache.jmeter.gui.plugin.MenuCreator], inner=false, contains=null, notContains=null]. Consider exposing JMeter plugins via META-INF/services, and add JMeter-Skip-Class-Scanning=true manifest attribute so JMeter can skip classfile scanning
2025-04-03 12:04:31,353 INFO o.a.j.r.ClassFinder: Will scan jar C:\Users\User\Documents\maven-jemetre\demo\target\64089294-73c6-4dab-9924-9bc88ad4a7a0\jmeter\lib\ext\ApacheJMeter_java-5.5.jar with filter ExtendsClassFilter [parents=[interface org.apache.jmeter.gui.plugin.MenuCreator], inner=false, contains=null, notContains=null]. Consider exposing JMeter plugins via META-INF/services, and add JMeter-Skip-Class-Scanning=true manifest attribute so JMeter can skip classfile scanning
2025-04-03 12:04:31,354 INFO o.a.j.r.ClassFinder: Will scan jar C:\Users\User\Documents\maven-jemetre\demo\target\64089294-73c6-4dab-9924-9bc88ad4a7a0\jmeter\lib\ext\ApacheJMeter_components-5.5.jar with filter ExtendsClassFilter [parents=[interface org.apache.jmeter.gui.plugin.MenuCreator], inner=false, contains=null, notContains=null]. Consider exposing JMeter plugins via META-INF/services, and add JMeter-Skip-Class-Scanning=true manifest attribute so JMeter can skip classfile scanning
2025-04-03 12:04:31,355 INFO o.a.j.r.ClassFinder: Will scan jar C:\Users\User\Documents\maven-jemetre\demo\target\64089294-73c6-4dab-9924-9bc88ad4a7a0\jmeter\lib\ext\ApacheJMeter_mongodb-5.5.jar with filter ExtendsClassFilter [parents=[interface org.apache.jmeter.gui.plugin.MenuCreator], inner=false, contains=null, notContains=null]. Consider exposing JMeter plugins via META-INF/services, and add JMeter-Skip-Class-Scanning=true manifest attribute so JMeter can skip classfile scanning
2025-04-03 12:04:31,355 INFO o.a.j.r.ClassFinder: Will scan jar C:\Users\User\Documents\maven-jemetre\demo\target\64089294-73c6-4dab-9924-9bc88ad4a7a0\jmeter\lib\ext\ApacheJMeter_functions-5.5.jar with filter ExtendsClassFilter [parents=[interface org.apache.jmeter.gui.plugin.MenuCreator], inner=false, contains=null, notContains=null]. Consider exposing JMeter plugins via META-INF/services, and add JMeter-Skip-Class-Scanning=true manifest attribute so JMeter can skip classfile scanning
2025-04-03 12:04:31,356 INFO o.a.j.r.ClassFinder: Will scan jar C:\Users\User\Documents\maven-jemetre\demo\target\64089294-73c6-4dab-9924-9bc88ad4a7a0\jmeter\lib\ext\ApacheJMeter_jdbc-5.5.jar with filter ExtendsClassFilter [parents=[interface org.apache.jmeter.gui.plugin.MenuCreator], inner=false, contains=null, notContains=null]. Consider exposing JMeter plugins via META-INF/services, and add JMeter-Skip-Class-Scanning=true manifest attribute so JMeter can skip classfile scanning
2025-04-03 12:04:31,356 INFO o.a.j.r.ClassFinder: Will scan jar C:\Users\User\Documents\maven-jemetre\demo\target\64089294-73c6-4dab-9924-9bc88ad4a7a0\jmeter\lib\ext\ApacheJMeter_jms-5.5.jar with filter ExtendsClassFilter [parents=[interface org.apache.jmeter.gui.plugin.MenuCreator], inner=false, contains=null, notContains=null]. Consider exposing JMeter plugins via META-INF/services, and add JMeter-Skip-Class-Scanning=true manifest attribute so JMeter can skip classfile scanning
2025-04-03 12:04:31,357 INFO o.a.j.r.ClassFinder: Will scan jar C:\Users\User\Documents\maven-jemetre\demo\target\64089294-73c6-4dab-9924-9bc88ad4a7a0\jmeter\lib\ext\ApacheJMeter_junit-5.5.jar with filter ExtendsClassFilter [parents=[interface org.apache.jmeter.gui.plugin.MenuCreator], inner=false, contains=null, notContains=null]. Consider exposing JMeter plugins via META-INF/services, and add JMeter-Skip-Class-Scanning=true manifest attribute so JMeter can skip classfile scanning
2025-04-03 12:04:31,357 INFO o.a.j.r.ClassFinder: Will scan jar C:\Users\User\Documents\maven-jemetre\demo\target\64089294-73c6-4dab-9924-9bc88ad4a7a0\jmeter\lib\ext\jmeter-plugins-webdriver-4.13.0.2.jar with filter ExtendsClassFilter [parents=[interface org.apache.jmeter.gui.plugin.MenuCreator], inner=false, contains=null, notContains=null]. Consider exposing JMeter plugins via META-INF/services, and add JMeter-Skip-Class-Scanning=true manifest attribute so JMeter can skip classfile scanning
2025-04-03 12:04:46,486 INFO o.a.j.s.FileServer: Default base='C:\Users\User\Documents\maven-jemetre\demo\target\64089294-73c6-4dab-9924-9bc88ad4a7a0\jmeter\bin'
2025-04-03 12:04:46,490 INFO o.a.j.g.a.Load: Loading file: C:\Users\User\Documents\maven-jemetre\demo\src\test\jmeter\Api.jmx
2025-04-03 12:04:46,490 INFO o.a.j.s.FileServer: Set new base='C:\Users\User\Documents\maven-jemetre\demo\src\test\jmeter'
2025-04-03 12:04:46,690 INFO o.a.j.s.SaveService: Testplan (JMX) version: 2.2. Testlog (JTL) version: 2.2
2025-04-03 12:04:46,696 INFO o.a.j.s.SaveService: Using SaveService properties version 5.0
2025-04-03 12:04:46,699 INFO o.a.j.s.SaveService: Using SaveService properties file encoding UTF-8
2025-04-03 12:04:46,700 INFO o.a.j.s.SaveService: Loading file: C:\Users\User\Documents\maven-jemetre\demo\src\test\jmeter\Api.jmx
2025-04-03 12:04:46,727 INFO o.a.j.p.h.s.HTTPSamplerBase: Parser for text/html is org.apache.jmeter.protocol.http.parser.LagartoBasedHtmlParser
2025-04-03 12:04:46,727 INFO o.a.j.p.h.s.HTTPSamplerBase: Parser for application/xhtml+xml is org.apache.jmeter.protocol.http.parser.LagartoBasedHtmlParser
2025-04-03 12:04:46,727 INFO o.a.j.p.h.s.HTTPSamplerBase: Parser for application/xml is org.apache.jmeter.protocol.http.parser.LagartoBasedHtmlParser
2025-04-03 12:04:46,727 INFO o.a.j.p.h.s.HTTPSamplerBase: Parser for text/xml is org.apache.jmeter.protocol.http.parser.LagartoBasedHtmlParser
2025-04-03 12:04:46,727 INFO o.a.j.p.h.s.HTTPSamplerBase: Parser for text/vnd.wap.wml is org.apache.jmeter.protocol.http.parser.RegexpHTMLParser
2025-04-03 12:04:46,727 INFO o.a.j.p.h.s.HTTPSamplerBase: Parser for text/css is org.apache.jmeter.protocol.http.parser.CssParser
2025-04-03 12:04:46,884 INFO o.a.j.s.SampleResult: Note: Sample TimeStamps are START times
2025-04-03 12:04:46,884 INFO o.a.j.s.SampleResult: sampleresult.default.encoding is set to UTF-8
2025-04-03 12:04:46,884 INFO o.a.j.s.SampleResult: sampleresult.useNanoTime=true
2025-04-03 12:04:46,884 INFO o.a.j.s.SampleResult: sampleresult.nanoThreadSleep=5000
2025-04-03 12:04:46,918 INFO o.a.j.v.ViewResultsFullVisualizer: Add JavaFX to your Java installation if you want to use renderer: org.apache.jmeter.visualizers.RenderInBrowser
2025-04-03 12:04:47,040 INFO o.a.j.s.FileServer: Set new base='C:\Users\User\Documents\maven-jemetre\demo\src\test\jmeter'
2025-04-03 12:05:17,274 INFO o.a.j.e.StandardJMeterEngine: Running the test!
2025-04-03 12:05:17,274 INFO o.a.j.s.SampleEvent: List of sample_variables: []
2025-04-03 12:05:17,274 INFO o.a.j.s.SampleEvent: List of sample_variables: []
2025-04-03 12:05:17,274 INFO o.a.j.e.u.CompoundVariable: Note: Function class names must contain the string: '.functions.'
2025-04-03 12:05:17,274 INFO o.a.j.e.u.CompoundVariable: Note: Function class names must not contain the string: '.gui.'
2025-04-03 12:05:17,283 INFO o.a.j.r.ClassFinder: Will scan jar C:\Users\User\Documents\maven-jemetre\demo\target\64089294-73c6-4dab-9924-9bc88ad4a7a0\jmeter\lib\ext\ApacheJMeter_bolt-5.5.jar with filter ExtendsClassFilter [parents=[interface org.apache.jmeter.functions.Function], inner=false, contains=null, notContains=null]. Consider exposing JMeter plugins via META-INF/services, and add JMeter-Skip-Class-Scanning=true manifest attribute so JMeter can skip classfile scanning
2025-04-03 12:05:17,283 INFO o.a.j.r.ClassFinder: Will scan jar C:\Users\User\Documents\maven-jemetre\demo\target\64089294-73c6-4dab-9924-9bc88ad4a7a0\jmeter\lib\ext\ApacheJMeter_core-5.5.jar with filter ExtendsClassFilter [parents=[interface org.apache.jmeter.functions.Function], inner=false, contains=null, notContains=null]. Consider exposing JMeter plugins via META-INF/services, and add JMeter-Skip-Class-Scanning=true manifest attribute so JMeter can skip classfile scanning
2025-04-03 12:05:17,283 INFO o.a.j.r.ClassFinder: Will scan jar C:\Users\User\Documents\maven-jemetre\demo\target\64089294-73c6-4dab-9924-9bc88ad4a7a0\jmeter\lib\ext\ApacheJMeter_mail-5.5.jar with filter ExtendsClassFilter [parents=[interface org.apache.jmeter.functions.Function], inner=false, contains=null, notContains=null]. Consider exposing JMeter plugins via META-INF/services, and add JMeter-Skip-Class-Scanning=true manifest attribute so JMeter can skip classfile scanning
2025-04-03 12:05:17,283 INFO o.a.j.r.ClassFinder: Will scan jar C:\Users\User\Documents\maven-jemetre\demo\target\64089294-73c6-4dab-9924-9bc88ad4a7a0\jmeter\lib\ext\ApacheJMeter_tcp-5.5.jar with filter ExtendsClassFilter [parents=[interface org.apache.jmeter.functions.Function], inner=false, contains=null, notContains=null]. Consider exposing JMeter plugins via META-INF/services, and add JMeter-Skip-Class-Scanning=true manifest attribute so JMeter can skip classfile scanning
2025-04-03 12:05:17,283 INFO o.a.j.r.ClassFinder: Will scan jar C:\Users\User\Documents\maven-jemetre\demo\target\64089294-73c6-4dab-9924-9bc88ad4a7a0\jmeter\lib\ext\ApacheJMeter_ftp-5.5.jar with filter ExtendsClassFilter [parents=[interface org.apache.jmeter.functions.Function], inner=false, contains=null, notContains=null]. Consider exposing JMeter plugins via META-INF/services, and add JMeter-Skip-Class-Scanning=true manifest attribute so JMeter can skip classfile scanning
2025-04-03 12:05:17,283 INFO o.a.j.r.ClassFinder: Will scan jar C:\Users\User\Documents\maven-jemetre\demo\target\64089294-73c6-4dab-9924-9bc88ad4a7a0\jmeter\lib\ext\ApacheJMeter_http-5.5.jar with filter ExtendsClassFilter [parents=[interface org.apache.jmeter.functions.Function], inner=false, contains=null, notContains=null]. Consider exposing JMeter plugins via META-INF/services, and add JMeter-Skip-Class-Scanning=true manifest attribute so JMeter can skip classfile scanning
2025-04-03 12:05:17,283 INFO o.a.j.r.ClassFinder: Will scan jar C:\Users\User\Documents\maven-jemetre\demo\target\64089294-73c6-4dab-9924-9bc88ad4a7a0\jmeter\lib\ext\ApacheJMeter_native-5.5.jar with filter ExtendsClassFilter [parents=[interface org.apache.jmeter.functions.Function], inner=false, contains=null, notContains=null]. Consider exposing JMeter plugins via META-INF/services, and add JMeter-Skip-Class-Scanning=true manifest attribute so JMeter can skip classfile scanning
2025-04-03 12:05:17,283 INFO o.a.j.r.ClassFinder: Will scan jar C:\Users\User\Documents\maven-jemetre\demo\target\64089294-73c6-4dab-9924-9bc88ad4a7a0\jmeter\lib\ext\ApacheJMeter_ldap-5.5.jar with filter ExtendsClassFilter [parents=[interface org.apache.jmeter.functions.Function], inner=false, contains=null, notContains=null]. Consider exposing JMeter plugins via META-INF/services, and add JMeter-Skip-Class-Scanning=true manifest attribute so JMeter can skip classfile scanning
2025-04-03 12:05:17,283 INFO o.a.j.r.ClassFinder: Will scan jar C:\Users\User\Documents\maven-jemetre\demo\target\64089294-73c6-4dab-9924-9bc88ad4a7a0\jmeter\lib\ext\ApacheJMeter_java-5.5.jar with filter ExtendsClassFilter [parents=[interface org.apache.jmeter.functions.Function], inner=false, contains=null, notContains=null]. Consider exposing JMeter plugins via META-INF/services, and add JMeter-Skip-Class-Scanning=true manifest attribute so JMeter can skip classfile scanning
2025-04-03 12:05:17,283 INFO o.a.j.r.ClassFinder: Will scan jar C:\Users\User\Documents\maven-jemetre\demo\target\64089294-73c6-4dab-9924-9bc88ad4a7a0\jmeter\lib\ext\ApacheJMeter_components-5.5.jar with filter ExtendsClassFilter [parents=[interface org.apache.jmeter.functions.Function], inner=false, contains=null, notContains=null]. Consider exposing JMeter plugins via META-INF/services, and add JMeter-Skip-Class-Scanning=true manifest attribute so JMeter can skip classfile scanning
2025-04-03 12:05:17,283 INFO o.a.j.r.ClassFinder: Will scan jar C:\Users\User\Documents\maven-jemetre\demo\target\64089294-73c6-4dab-9924-9bc88ad4a7a0\jmeter\lib\ext\ApacheJMeter_mongodb-5.5.jar with filter ExtendsClassFilter [parents=[interface org.apache.jmeter.functions.Function], inner=false, contains=null, notContains=null]. Consider exposing JMeter plugins via META-INF/services, and add JMeter-Skip-Class-Scanning=true manifest attribute so JMeter can skip classfile scanning
2025-04-03 12:05:17,283 INFO o.a.j.r.ClassFinder: Will scan jar C:\Users\User\Documents\maven-jemetre\demo\target\64089294-73c6-4dab-9924-9bc88ad4a7a0\jmeter\lib\ext\ApacheJMeter_functions-5.5.jar with filter ExtendsClassFilter [parents=[interface org.apache.jmeter.functions.Function], inner=false, contains=null, notContains=null]. Consider exposing JMeter plugins via META-INF/services, and add JMeter-Skip-Class-Scanning=true manifest attribute so JMeter can skip classfile scanning
2025-04-03 12:05:17,291 INFO o.a.j.r.ClassFinder: Will scan jar C:\Users\User\Documents\maven-jemetre\demo\target\64089294-73c6-4dab-9924-9bc88ad4a7a0\jmeter\lib\ext\ApacheJMeter_jdbc-5.5.jar with filter ExtendsClassFilter [parents=[interface org.apache.jmeter.functions.Function], inner=false, contains=null, notContains=null]. Consider exposing JMeter plugins via META-INF/services, and add JMeter-Skip-Class-Scanning=true manifest attribute so JMeter can skip classfile scanning
2025-04-03 12:05:17,291 INFO o.a.j.r.ClassFinder: Will scan jar C:\Users\User\Documents\maven-jemetre\demo\target\64089294-73c6-4dab-9924-9bc88ad4a7a0\jmeter\lib\ext\ApacheJMeter_jms-5.5.jar with filter ExtendsClassFilter [parents=[interface org.apache.jmeter.functions.Function], inner=false, contains=null, notContains=null]. Consider exposing JMeter plugins via META-INF/services, and add JMeter-Skip-Class-Scanning=true manifest attribute so JMeter can skip classfile scanning
2025-04-03 12:05:17,291 INFO o.a.j.r.ClassFinder: Will scan jar C:\Users\User\Documents\maven-jemetre\demo\target\64089294-73c6-4dab-9924-9bc88ad4a7a0\jmeter\lib\ext\ApacheJMeter_junit-5.5.jar with filter ExtendsClassFilter [parents=[interface org.apache.jmeter.functions.Function], inner=false, contains=null, notContains=null]. Consider exposing JMeter plugins via META-INF/services, and add JMeter-Skip-Class-Scanning=true manifest attribute so JMeter can skip classfile scanning
2025-04-03 12:05:17,291 INFO o.a.j.r.ClassFinder: Will scan jar C:\Users\User\Documents\maven-jemetre\demo\target\64089294-73c6-4dab-9924-9bc88ad4a7a0\jmeter\lib\ext\jmeter-plugins-webdriver-4.13.0.2.jar with filter ExtendsClassFilter [parents=[interface org.apache.jmeter.functions.Function], inner=false, contains=null, notContains=null]. Consider exposing JMeter plugins via META-INF/services, and add JMeter-Skip-Class-Scanning=true manifest attribute so JMeter can skip classfile scanning
2025-04-03 12:05:17,316 INFO o.a.j.g.u.JMeterMenuBar: setRunning(true, *local*)
2025-04-03 12:05:17,365 INFO o.a.j.e.StandardJMeterEngine: Starting ThreadGroup: 1 : Api
2025-04-03 12:05:17,365 INFO o.a.j.e.StandardJMeterEngine: Starting 1 threads for group Api.
2025-04-03 12:05:17,365 INFO o.a.j.e.StandardJMeterEngine: Thread will continue on error
2025-04-03 12:05:17,365 INFO o.a.j.t.ThreadGroup: Starting thread group... number=1 threads=1 ramp-up=1 delayedStart=false
2025-04-03 12:05:17,365 INFO o.a.j.t.ThreadGroup: Started thread group number 1
2025-04-03 12:05:17,365 INFO o.a.j.e.StandardJMeterEngine: All thread groups have been started
2025-04-03 12:05:17,365 INFO o.a.j.t.JMeterThread: Thread started: Api 1-1
2025-04-03 12:05:17,386 INFO o.a.j.p.h.s.HTTPHCAbstractImpl: Local host = DESKTOP-1D1ORTK
2025-04-03 12:05:17,398 INFO o.a.j.p.h.s.HTTPHC4Impl: HTTP request retry count = 0
2025-04-03 12:05:17,596 INFO o.a.j.t.JMeterThread: Thread is done: Api 1-1
2025-04-03 12:05:17,596 INFO o.a.j.t.JMeterThread: Thread finished: Api 1-1
2025-04-03 12:05:17,596 INFO o.a.j.e.StandardJMeterEngine: Notifying test listeners of end of test
2025-04-03 12:05:17,596 INFO o.a.j.g.u.JMeterMenuBar: setRunning(false, *local*)
2025-04-03 12:05:33,635 INFO o.a.j.g.a.Load: Loading file: C:\Users\User\Documents\maven-jemetre\demo\src\test\jmeter\front.jmx
2025-04-03 12:05:33,635 INFO o.a.j.s.FileServer: Set new base='C:\Users\User\Documents\maven-jemetre\demo\src\test\jmeter'
2025-04-03 12:05:33,635 INFO o.a.j.s.SaveService: Loading file: C:\Users\User\Documents\maven-jemetre\demo\src\test\jmeter\front.jmx
2025-04-03 12:05:33,732 INFO o.a.j.v.ViewResultsFullVisualizer: Add JavaFX to your Java installation if you want to use renderer: org.apache.jmeter.visualizers.RenderInBrowser
2025-04-03 12:05:43,769 INFO o.a.j.s.FileServer: Set new base='C:\Users\User\Documents\maven-jemetre\demo\src\test\jmeter'
2025-04-03 12:05:43,777 INFO o.a.j.e.StandardJMeterEngine: Running the test!
2025-04-03 12:05:43,777 INFO o.a.j.s.SampleEvent: List of sample_variables: []
2025-04-03 12:05:43,786 INFO o.a.j.g.u.JMeterMenuBar: setRunning(true, *local*)
2025-04-03 12:05:43,827 INFO o.a.j.e.StandardJMeterEngine: Starting ThreadGroup: 1 : front
2025-04-03 12:05:43,827 INFO o.a.j.e.StandardJMeterEngine: Starting 1 threads for group front.
2025-04-03 12:05:43,827 INFO o.a.j.e.StandardJMeterEngine: Thread will continue on error
2025-04-03 12:05:43,827 INFO o.a.j.t.ThreadGroup: Starting thread group... number=1 threads=1 ramp-up=1 delayedStart=false
2025-04-03 12:05:43,827 INFO o.a.j.t.ThreadGroup: Started thread group number 1
2025-04-03 12:05:43,827 INFO o.a.j.e.StandardJMeterEngine: All thread groups have been started
2025-04-03 12:05:43,827 INFO o.a.j.t.JMeterThread: Thread started: front 1-1
2025-04-03 12:05:48,956 INFO o.a.j.t.JMeterThread: Thread is done: front 1-1
2025-04-03 12:05:48,956 INFO o.a.j.t.JMeterThread: Thread finished: front 1-1
2025-04-03 12:05:49,097 INFO o.a.j.e.StandardJMeterEngine: Notifying test listeners of end of test
2025-04-03 12:05:49,097 INFO o.a.j.g.u.JMeterMenuBar: setRunning(false, *local*)
