2025-04-03 12:03:34,199 INFO o.a.j.u.JMeterUtils: Setting Locale to fr_FR
2025-04-03 12:03:34,248 INFO o.a.j.u.JMeterUtils: Could not find resources for 'fr_FR', using 'fr'
2025-04-03 12:03:34,251 INFO o.a.j.JMeter: Loading system properties from: system.properties
2025-04-03 12:03:34,252 INFO o.a.j.JMeter: Setting System property: sun.net.http.allowRestrictedHeaders=true
2025-04-03 12:03:34,263 INFO o.a.j.JMeter: Copyright (c) 1998-2024 The Apache Software Foundation
2025-04-03 12:03:34,264 INFO o.a.j.JMeter: Version 5.6.3
2025-04-03 12:03:34,264 INFO o.a.j.JMeter: java.version=21.0.6
2025-04-03 12:03:34,264 INFO o.a.j.JMeter: java.vm.name=OpenJDK 64-Bit Server VM
2025-04-03 12:03:34,300 INFO o.a.j.JMeter: os.name=Windows 11
2025-04-03 12:03:34,300 INFO o.a.j.JMeter: os.arch=amd64
2025-04-03 12:03:34,300 INFO o.a.j.JMeter: os.version=10.0
2025-04-03 12:03:34,301 INFO o.a.j.JMeter: file.encoding=UTF-8
2025-04-03 12:03:34,301 INFO o.a.j.JMeter: java.awt.headless=true
2025-04-03 12:03:34,301 INFO o.a.j.JMeter: Max memory     =536870912
2025-04-03 12:03:34,301 INFO o.a.j.JMeter: Available Processors =12
2025-04-03 12:03:34,312 INFO o.a.j.JMeter: Default Locale=français (France)
2025-04-03 12:03:34,312 INFO o.a.j.JMeter: JMeter  Locale=français (France)
2025-04-03 12:03:34,312 INFO o.a.j.JMeter: JMeterHome=C:\Users\User\Documents\maven-jemetre\demo\target\64089294-73c6-4dab-9924-9bc88ad4a7a0\jmeter
2025-04-03 12:03:34,312 INFO o.a.j.JMeter: user.dir  =C:\Users\User\Documents\maven-jemetre\demo\target\64089294-73c6-4dab-9924-9bc88ad4a7a0\jmeter\bin
2025-04-03 12:03:34,312 INFO o.a.j.JMeter: PWD       =C:\Users\User\Documents\maven-jemetre\demo\target\64089294-73c6-4dab-9924-9bc88ad4a7a0\jmeter\bin
2025-04-03 12:03:34,332 INFO o.a.j.JMeter: IP: 192.168.1.112 Name: DESKTOP-1D1ORTK FullName: DESKTOP-1D1ORTK.lan
2025-04-03 12:03:34,348 INFO o.a.j.JMeter: Setting property 'jmeter.reportgenerator.outputdir' to:'C:\Users\User\Documents\maven-jemetre\demo\target\jmeter\reports\Api'
2025-04-03 12:03:34,350 INFO o.a.j.s.FileServer: Default base='C:\Users\User\Documents\maven-jemetre\demo\target\64089294-73c6-4dab-9924-9bc88ad4a7a0\jmeter\bin'
2025-04-03 12:03:34,352 INFO o.a.j.s.FileServer: Set new base='C:\Users\User\Documents\maven-jemetre\demo\target\jmeter\testFiles'
2025-04-03 12:03:34,553 INFO o.a.j.s.SaveService: Testplan (JMX) version: 2.2. Testlog (JTL) version: 2.2
2025-04-03 12:03:34,602 INFO o.a.j.s.SaveService: Using SaveService properties version 5.0
2025-04-03 12:03:34,602 INFO o.a.j.s.SaveService: Using SaveService properties file encoding UTF-8
2025-04-03 12:03:34,602 INFO o.a.j.s.SaveService: Loading file: C:\Users\User\Documents\maven-jemetre\demo\target\jmeter\testFiles\Api.jmx
2025-04-03 12:03:34,660 INFO o.a.j.p.h.s.HTTPSamplerBase: Parser for text/html is org.apache.jmeter.protocol.http.parser.LagartoBasedHtmlParser
2025-04-03 12:03:34,660 INFO o.a.j.p.h.s.HTTPSamplerBase: Parser for application/xhtml+xml is org.apache.jmeter.protocol.http.parser.LagartoBasedHtmlParser
2025-04-03 12:03:34,660 INFO o.a.j.p.h.s.HTTPSamplerBase: Parser for application/xml is org.apache.jmeter.protocol.http.parser.LagartoBasedHtmlParser
2025-04-03 12:03:34,660 INFO o.a.j.p.h.s.HTTPSamplerBase: Parser for text/xml is org.apache.jmeter.protocol.http.parser.LagartoBasedHtmlParser
2025-04-03 12:03:34,660 INFO o.a.j.p.h.s.HTTPSamplerBase: Parser for text/vnd.wap.wml is org.apache.jmeter.protocol.http.parser.RegexpHTMLParser
2025-04-03 12:03:34,660 INFO o.a.j.p.h.s.HTTPSamplerBase: Parser for text/css is org.apache.jmeter.protocol.http.parser.CssParser
2025-04-03 12:03:34,685 INFO o.a.j.JMeter: Creating summariser <summary>
2025-04-03 12:03:34,693 INFO o.a.j.r.d.ReportGenerator: ReportGenerator will use for Parsing the separator: ','
2025-04-03 12:03:34,693 INFO o.a.j.r.d.ReportGenerator: Will generate report at end of test from  results file: C:\Users\User\Documents\maven-jemetre\demo\target\jmeter\results\20250403-Api.csv
2025-04-03 12:03:34,693 INFO o.a.j.r.d.ReportGenerator: Reading report generator properties from: C:\Users\User\Documents\maven-jemetre\demo\target\64089294-73c6-4dab-9924-9bc88ad4a7a0\jmeter\bin\reportgenerator.properties
2025-04-03 12:03:34,698 INFO o.a.j.r.d.ReportGenerator: Merging with JMeter properties
2025-04-03 12:03:34,701 INFO o.a.j.r.c.ReportGeneratorConfiguration: Property 'jmeter.reportgenerator.temp_dir' not found, using default value 'temp' instead.
2025-04-03 12:03:34,701 INFO o.a.j.r.c.ReportGeneratorConfiguration: Property 'jmeter.reportgenerator.apdex_per_transaction' not found, using default value 'null' instead.
2025-04-03 12:03:34,701 INFO o.a.j.r.c.ReportGeneratorConfiguration: apdex_per_transaction is empty, not APDEX per transaction customization
2025-04-03 12:03:34,701 INFO o.a.j.r.c.ReportGeneratorConfiguration: Property 'jmeter.reportgenerator.sample_filter' not found, using default value 'null' instead.
2025-04-03 12:03:34,701 INFO o.a.j.r.c.ReportGeneratorConfiguration: Property 'jmeter.reportgenerator.report_title' not found, using default value 'null' instead.
2025-04-03 12:03:34,701 INFO o.a.j.r.c.ReportGeneratorConfiguration: Property 'jmeter.reportgenerator.start_date' not found, using default value 'null' instead.
2025-04-03 12:03:34,701 INFO o.a.j.r.c.ReportGeneratorConfiguration: Property 'jmeter.reportgenerator.end_date' not found, using default value 'null' instead.
2025-04-03 12:03:34,701 INFO o.a.j.r.c.ReportGeneratorConfiguration: Property 'jmeter.reportgenerator.date_format' not found, using default value 'null' instead.
2025-04-03 12:03:34,701 INFO o.a.j.r.c.ReportGeneratorConfiguration: Will use date range start date: null, end date: null
2025-04-03 12:03:34,717 INFO o.a.j.r.c.ReportGeneratorConfiguration: Property 'jmeter.reportgenerator.graph.totalTPS.exclude_controllers' not found, using default value 'false' instead.
2025-04-03 12:03:34,717 INFO o.a.j.r.c.ReportGeneratorConfiguration: Property 'jmeter.reportgenerator.graph.activeThreadsOverTime.exclude_controllers' not found, using default value 'false' instead.
2025-04-03 12:03:34,717 INFO o.a.j.r.c.ReportGeneratorConfiguration: Property 'jmeter.reportgenerator.graph.timeVsThreads.exclude_controllers' not found, using default value 'false' instead.
2025-04-03 12:03:34,717 INFO o.a.j.r.c.ReportGeneratorConfiguration: Property 'jmeter.reportgenerator.graph.responseTimeDistribution.exclude_controllers' not found, using default value 'false' instead.
2025-04-03 12:03:34,725 INFO o.a.j.r.c.ReportGeneratorConfiguration: Property 'jmeter.reportgenerator.graph.transactionsPerSecond.exclude_controllers' not found, using default value 'false' instead.
2025-04-03 12:03:34,725 INFO o.a.j.r.c.ReportGeneratorConfiguration: Property 'jmeter.reportgenerator.graph.responseTimePercentiles.exclude_controllers' not found, using default value 'false' instead.
2025-04-03 12:03:34,725 INFO o.a.j.r.c.ReportGeneratorConfiguration: Property 'jmeter.reportgenerator.graph.responseTimePercentilesOverTime.exclude_controllers' not found, using default value 'false' instead.
2025-04-03 12:03:34,725 INFO o.a.j.r.c.ReportGeneratorConfiguration: Property 'jmeter.reportgenerator.graph.responseTimesOverTime.exclude_controllers' not found, using default value 'false' instead.
2025-04-03 12:03:34,725 INFO o.a.j.r.c.ReportGeneratorConfiguration: Property 'jmeter.reportgenerator.graph.connectTimeOverTime.exclude_controllers' not found, using default value 'false' instead.
2025-04-03 12:03:34,725 INFO o.a.j.r.c.ReportGeneratorConfiguration: Property 'jmeter.reportgenerator.graph.latenciesOverTime.exclude_controllers' not found, using default value 'false' instead.
2025-04-03 12:03:34,725 INFO o.a.j.r.c.ReportGeneratorConfiguration: Property 'jmeter.reportgenerator.exporter.json.filters_only_sample_series' not found, using default value 'true' instead.
2025-04-03 12:03:34,725 INFO o.a.j.r.c.ReportGeneratorConfiguration: Property 'jmeter.reportgenerator.exporter.json.series_filter' not found, using default value '' instead.
2025-04-03 12:03:34,725 INFO o.a.j.r.c.ReportGeneratorConfiguration: Property 'jmeter.reportgenerator.exporter.json.show_controllers_only' not found, using default value 'false' instead.
2025-04-03 12:03:34,725 INFO o.a.j.r.c.ReportGeneratorConfiguration: Property 'jmeter.reportgenerator.exporter.html.filters_only_sample_series' not found, using default value 'true' instead.
2025-04-03 12:03:34,725 INFO o.a.j.r.c.ReportGeneratorConfiguration: Property 'jmeter.reportgenerator.exporter.html.series_filter' not found, using default value '' instead.
2025-04-03 12:03:34,725 INFO o.a.j.r.c.ReportGeneratorConfiguration: Property 'jmeter.reportgenerator.exporter.html.show_controllers_only' not found, using default value 'false' instead.
2025-04-03 12:03:34,742 INFO o.a.j.e.StandardJMeterEngine: Running the test!
2025-04-03 12:03:34,742 INFO o.a.j.s.SampleEvent: List of sample_variables: []
2025-04-03 12:03:34,742 INFO o.a.j.s.SampleEvent: List of sample_variables: []
2025-04-03 12:03:34,750 INFO o.a.j.e.u.CompoundVariable: Note: Function class names must contain the string: '.functions.'
2025-04-03 12:03:34,750 INFO o.a.j.e.u.CompoundVariable: Note: Function class names must not contain the string: '.gui.'
2025-04-03 12:03:34,758 INFO o.a.j.r.ClassFinder: Will scan jar C:\Users\User\Documents\maven-jemetre\demo\target\64089294-73c6-4dab-9924-9bc88ad4a7a0\jmeter\lib\ext\ApacheJMeter_bolt-5.5.jar with filter ExtendsClassFilter [parents=[interface org.apache.jmeter.functions.Function], inner=false, contains=null, notContains=null]. Consider exposing JMeter plugins via META-INF/services, and add JMeter-Skip-Class-Scanning=true manifest attribute so JMeter can skip classfile scanning
2025-04-03 12:03:34,766 INFO o.a.j.r.ClassFinder: Will scan jar C:\Users\User\Documents\maven-jemetre\demo\target\64089294-73c6-4dab-9924-9bc88ad4a7a0\jmeter\lib\ext\ApacheJMeter_core-5.5.jar with filter ExtendsClassFilter [parents=[interface org.apache.jmeter.functions.Function], inner=false, contains=null, notContains=null]. Consider exposing JMeter plugins via META-INF/services, and add JMeter-Skip-Class-Scanning=true manifest attribute so JMeter can skip classfile scanning
2025-04-03 12:03:34,930 INFO o.a.j.r.ClassFinder: Will scan jar C:\Users\User\Documents\maven-jemetre\demo\target\64089294-73c6-4dab-9924-9bc88ad4a7a0\jmeter\lib\ext\ApacheJMeter_mail-5.5.jar with filter ExtendsClassFilter [parents=[interface org.apache.jmeter.functions.Function], inner=false, contains=null, notContains=null]. Consider exposing JMeter plugins via META-INF/services, and add JMeter-Skip-Class-Scanning=true manifest attribute so JMeter can skip classfile scanning
2025-04-03 12:03:34,942 INFO o.a.j.r.ClassFinder: Will scan jar C:\Users\User\Documents\maven-jemetre\demo\target\64089294-73c6-4dab-9924-9bc88ad4a7a0\jmeter\lib\ext\ApacheJMeter_tcp-5.5.jar with filter ExtendsClassFilter [parents=[interface org.apache.jmeter.functions.Function], inner=false, contains=null, notContains=null]. Consider exposing JMeter plugins via META-INF/services, and add JMeter-Skip-Class-Scanning=true manifest attribute so JMeter can skip classfile scanning
2025-04-03 12:03:34,954 INFO o.a.j.r.ClassFinder: Will scan jar C:\Users\User\Documents\maven-jemetre\demo\target\64089294-73c6-4dab-9924-9bc88ad4a7a0\jmeter\lib\ext\ApacheJMeter_ftp-5.5.jar with filter ExtendsClassFilter [parents=[interface org.apache.jmeter.functions.Function], inner=false, contains=null, notContains=null]. Consider exposing JMeter plugins via META-INF/services, and add JMeter-Skip-Class-Scanning=true manifest attribute so JMeter can skip classfile scanning
2025-04-03 12:03:34,962 INFO o.a.j.r.ClassFinder: Will scan jar C:\Users\User\Documents\maven-jemetre\demo\target\64089294-73c6-4dab-9924-9bc88ad4a7a0\jmeter\lib\ext\ApacheJMeter_http-5.5.jar with filter ExtendsClassFilter [parents=[interface org.apache.jmeter.functions.Function], inner=false, contains=null, notContains=null]. Consider exposing JMeter plugins via META-INF/services, and add JMeter-Skip-Class-Scanning=true manifest attribute so JMeter can skip classfile scanning
2025-04-03 12:03:35,026 INFO o.a.j.r.ClassFinder: Will scan jar C:\Users\User\Documents\maven-jemetre\demo\target\64089294-73c6-4dab-9924-9bc88ad4a7a0\jmeter\lib\ext\ApacheJMeter_native-5.5.jar with filter ExtendsClassFilter [parents=[interface org.apache.jmeter.functions.Function], inner=false, contains=null, notContains=null]. Consider exposing JMeter plugins via META-INF/services, and add JMeter-Skip-Class-Scanning=true manifest attribute so JMeter can skip classfile scanning
2025-04-03 12:03:35,028 INFO o.a.j.r.ClassFinder: Will scan jar C:\Users\User\Documents\maven-jemetre\demo\target\64089294-73c6-4dab-9924-9bc88ad4a7a0\jmeter\lib\ext\ApacheJMeter_ldap-5.5.jar with filter ExtendsClassFilter [parents=[interface org.apache.jmeter.functions.Function], inner=false, contains=null, notContains=null]. Consider exposing JMeter plugins via META-INF/services, and add JMeter-Skip-Class-Scanning=true manifest attribute so JMeter can skip classfile scanning
2025-04-03 12:03:35,030 INFO o.a.j.r.ClassFinder: Will scan jar C:\Users\User\Documents\maven-jemetre\demo\target\64089294-73c6-4dab-9924-9bc88ad4a7a0\jmeter\lib\ext\ApacheJMeter_java-5.5.jar with filter ExtendsClassFilter [parents=[interface org.apache.jmeter.functions.Function], inner=false, contains=null, notContains=null]. Consider exposing JMeter plugins via META-INF/services, and add JMeter-Skip-Class-Scanning=true manifest attribute so JMeter can skip classfile scanning
2025-04-03 12:03:35,036 INFO o.a.j.r.ClassFinder: Will scan jar C:\Users\User\Documents\maven-jemetre\demo\target\64089294-73c6-4dab-9924-9bc88ad4a7a0\jmeter\lib\ext\ApacheJMeter_components-5.5.jar with filter ExtendsClassFilter [parents=[interface org.apache.jmeter.functions.Function], inner=false, contains=null, notContains=null]. Consider exposing JMeter plugins via META-INF/services, and add JMeter-Skip-Class-Scanning=true manifest attribute so JMeter can skip classfile scanning
2025-04-03 12:03:35,102 INFO o.a.j.r.ClassFinder: Will scan jar C:\Users\User\Documents\maven-jemetre\demo\target\64089294-73c6-4dab-9924-9bc88ad4a7a0\jmeter\lib\ext\ApacheJMeter_mongodb-5.5.jar with filter ExtendsClassFilter [parents=[interface org.apache.jmeter.functions.Function], inner=false, contains=null, notContains=null]. Consider exposing JMeter plugins via META-INF/services, and add JMeter-Skip-Class-Scanning=true manifest attribute so JMeter can skip classfile scanning
2025-04-03 12:03:35,102 INFO o.a.j.r.ClassFinder: Will scan jar C:\Users\User\Documents\maven-jemetre\demo\target\64089294-73c6-4dab-9924-9bc88ad4a7a0\jmeter\lib\ext\ApacheJMeter_functions-5.5.jar with filter ExtendsClassFilter [parents=[interface org.apache.jmeter.functions.Function], inner=false, contains=null, notContains=null]. Consider exposing JMeter plugins via META-INF/services, and add JMeter-Skip-Class-Scanning=true manifest attribute so JMeter can skip classfile scanning
2025-04-03 12:03:35,119 INFO o.a.j.r.ClassFinder: Will scan jar C:\Users\User\Documents\maven-jemetre\demo\target\64089294-73c6-4dab-9924-9bc88ad4a7a0\jmeter\lib\ext\ApacheJMeter_jdbc-5.5.jar with filter ExtendsClassFilter [parents=[interface org.apache.jmeter.functions.Function], inner=false, contains=null, notContains=null]. Consider exposing JMeter plugins via META-INF/services, and add JMeter-Skip-Class-Scanning=true manifest attribute so JMeter can skip classfile scanning
2025-04-03 12:03:35,119 INFO o.a.j.r.ClassFinder: Will scan jar C:\Users\User\Documents\maven-jemetre\demo\target\64089294-73c6-4dab-9924-9bc88ad4a7a0\jmeter\lib\ext\ApacheJMeter_jms-5.5.jar with filter ExtendsClassFilter [parents=[interface org.apache.jmeter.functions.Function], inner=false, contains=null, notContains=null]. Consider exposing JMeter plugins via META-INF/services, and add JMeter-Skip-Class-Scanning=true manifest attribute so JMeter can skip classfile scanning
2025-04-03 12:03:35,144 INFO o.a.j.r.ClassFinder: Will scan jar C:\Users\User\Documents\maven-jemetre\demo\target\64089294-73c6-4dab-9924-9bc88ad4a7a0\jmeter\lib\ext\ApacheJMeter_junit-5.5.jar with filter ExtendsClassFilter [parents=[interface org.apache.jmeter.functions.Function], inner=false, contains=null, notContains=null]. Consider exposing JMeter plugins via META-INF/services, and add JMeter-Skip-Class-Scanning=true manifest attribute so JMeter can skip classfile scanning
2025-04-03 12:03:35,147 INFO o.a.j.r.ClassFinder: Will scan jar C:\Users\User\Documents\maven-jemetre\demo\target\64089294-73c6-4dab-9924-9bc88ad4a7a0\jmeter\lib\ext\jmeter-plugins-webdriver-4.13.0.2.jar with filter ExtendsClassFilter [parents=[interface org.apache.jmeter.functions.Function], inner=false, contains=null, notContains=null]. Consider exposing JMeter plugins via META-INF/services, and add JMeter-Skip-Class-Scanning=true manifest attribute so JMeter can skip classfile scanning
2025-04-03 12:03:35,219 INFO o.a.j.JMeter: Lancer test (1743674615219)
2025-04-03 12:03:35,234 INFO o.a.j.e.StandardJMeterEngine: Starting ThreadGroup: 1 : Api
2025-04-03 12:03:35,234 INFO o.a.j.e.StandardJMeterEngine: Starting 1 threads for group Api.
2025-04-03 12:03:35,234 INFO o.a.j.e.StandardJMeterEngine: Thread will continue on error
2025-04-03 12:03:35,234 INFO o.a.j.t.ThreadGroup: Starting thread group... number=1 threads=1 ramp-up=1 delayedStart=false
2025-04-03 12:03:35,243 INFO o.a.j.t.ThreadGroup: Started thread group number 1
2025-04-03 12:03:35,243 INFO o.a.j.e.StandardJMeterEngine: All thread groups have been started
2025-04-03 12:03:35,243 INFO o.a.j.t.JMeterThread: Thread started: Api 1-1
2025-04-03 12:03:35,252 INFO o.a.j.p.h.s.HTTPHCAbstractImpl: Local host = DESKTOP-1D1ORTK
2025-04-03 12:03:35,260 INFO o.a.j.p.h.s.HTTPHC4Impl: HTTP request retry count = 0
2025-04-03 12:03:35,265 INFO o.a.j.s.SampleResult: Note: Sample TimeStamps are START times
2025-04-03 12:03:35,265 INFO o.a.j.s.SampleResult: sampleresult.default.encoding is set to UTF-8
2025-04-03 12:03:35,265 INFO o.a.j.s.SampleResult: sampleresult.useNanoTime=true
2025-04-03 12:03:35,265 INFO o.a.j.s.SampleResult: sampleresult.nanoThreadSleep=5000
2025-04-03 12:03:35,476 INFO o.a.j.r.Summariser: summary +      1 in 00:00:00 =    3,9/s Avg:   126 Min:   126 Max:   126 Err:     0 (0,00%) Active: 1 Started: 1 Finished: 0
2025-04-03 12:03:35,476 INFO o.a.j.t.JMeterThread: Thread is done: Api 1-1
2025-04-03 12:03:35,476 INFO o.a.j.t.JMeterThread: Thread finished: Api 1-1
2025-04-03 12:03:35,476 INFO o.a.j.e.StandardJMeterEngine: Notifying test listeners of end of test
2025-04-03 12:03:35,483 INFO o.a.j.r.Summariser: summary =      1 in 00:00:00 =    3,8/s Avg:   126 Min:   126 Max:   126 Err:     0 (0,00%)
2025-04-03 12:03:35,483 INFO o.a.j.JMeter: Generating Dashboard
2025-04-03 12:03:35,483 INFO o.a.j.r.d.ReportGenerator: Flushing result collector before report Generation
2025-04-03 12:03:35,491 INFO o.a.j.r.p.NormalizerSampleConsumer: Using format, 'ms', to parse timeStamp field
2025-04-03 12:03:35,566 INFO o.a.j.r.p.AbstractSampleConsumer: class org.apache.jmeter.report.processor.AggregateConsumer#stopProducing(): beginDate produced 0 samples
2025-04-03 12:03:35,566 INFO o.a.j.r.p.AbstractSampleConsumer: class org.apache.jmeter.report.processor.AggregateConsumer#stopProducing(): endDate produced 0 samples
2025-04-03 12:03:35,566 INFO o.a.j.r.p.AbstractSampleConsumer: class org.apache.jmeter.report.processor.ApdexSummaryConsumer#stopProducing(): apdexSummary produced 0 samples
2025-04-03 12:03:35,566 INFO o.a.j.r.p.AbstractSampleConsumer: class org.apache.jmeter.report.processor.RequestsSummaryConsumer#stopProducing(): requestsSummary produced 0 samples
2025-04-03 12:03:35,566 INFO o.a.j.r.p.AbstractSampleConsumer: class org.apache.jmeter.report.processor.StatisticsSummaryConsumer#stopProducing(): statisticsSummary produced 0 samples
2025-04-03 12:03:35,573 INFO o.a.j.r.p.AbstractSampleConsumer: class org.apache.jmeter.report.processor.Top5ErrorsBySamplerConsumer#stopProducing(): top5ErrorsBySampler produced 0 samples
2025-04-03 12:03:35,573 INFO o.a.j.r.p.AbstractSampleConsumer: class org.apache.jmeter.report.processor.ErrorsSummaryConsumer#stopProducing(): errorsSummary produced 0 samples
2025-04-03 12:03:35,573 INFO o.a.j.r.p.AbstractSampleConsumer: class org.apache.jmeter.report.processor.graph.impl.HitsPerSecondGraphConsumer#stopProducing(): hitsPerSecond produced 0 samples
2025-04-03 12:03:35,581 INFO o.a.j.r.p.AbstractSampleConsumer: class org.apache.jmeter.report.processor.graph.impl.LatencyVSRequestGraphConsumer#stopProducing(): latencyVsRequest produced 0 samples
2025-04-03 12:03:35,581 INFO o.a.j.r.p.AbstractSampleConsumer: class org.apache.jmeter.report.processor.graph.impl.SyntheticResponseTimeDistributionGraphConsumer#stopProducing(): syntheticResponseTimeDistribution produced 0 samples
2025-04-03 12:03:35,581 INFO o.a.j.r.p.AbstractSampleConsumer: class org.apache.jmeter.report.processor.graph.impl.BytesThroughputGraphConsumer#stopProducing(): bytesThroughputOverTime produced 0 samples
2025-04-03 12:03:35,581 INFO o.a.j.r.p.AbstractSampleConsumer: class org.apache.jmeter.report.processor.graph.impl.CodesPerSecondGraphConsumer#stopProducing(): codesPerSecond produced 0 samples
2025-04-03 12:03:35,581 INFO o.a.j.r.p.AbstractSampleConsumer: class org.apache.jmeter.report.processor.graph.impl.ResponseTimeVSRequestGraphConsumer#stopProducing(): responseTimeVsRequest produced 0 samples
2025-04-03 12:03:35,581 INFO o.a.j.r.p.AbstractSampleConsumer: class org.apache.jmeter.report.processor.FilterConsumer#stopProducing(): startIntervalControlerFilter produced 7 samples
2025-04-03 12:03:35,581 INFO o.a.j.r.p.AbstractSampleConsumer: class org.apache.jmeter.report.processor.graph.impl.TotalTPSGraphConsumer#stopProducing(): totalTPS produced 0 samples
2025-04-03 12:03:35,581 INFO o.a.j.r.p.AbstractSampleConsumer: class org.apache.jmeter.report.processor.graph.impl.ActiveThreadsGraphConsumer#stopProducing(): activeThreadsOverTime produced 0 samples
2025-04-03 12:03:35,581 INFO o.a.j.r.p.AbstractSampleConsumer: class org.apache.jmeter.report.processor.graph.impl.TimeVSThreadGraphConsumer#stopProducing(): timeVsThreads produced 0 samples
2025-04-03 12:03:35,581 INFO o.a.j.r.p.AbstractSampleConsumer: class org.apache.jmeter.report.processor.graph.impl.ResponseTimeDistributionGraphConsumer#stopProducing(): responseTimeDistribution produced 0 samples
2025-04-03 12:03:35,581 INFO o.a.j.r.p.AbstractSampleConsumer: class org.apache.jmeter.report.processor.graph.impl.TransactionsPerSecondGraphConsumer#stopProducing(): transactionsPerSecond produced 0 samples
2025-04-03 12:03:35,581 INFO o.a.j.r.p.AbstractSampleConsumer: class org.apache.jmeter.report.processor.graph.impl.ResponseTimePercentilesGraphConsumer#stopProducing(): responseTimePercentiles produced 0 samples
2025-04-03 12:03:35,581 INFO o.a.j.r.p.AbstractSampleConsumer: class org.apache.jmeter.report.processor.graph.impl.ResponseTimePercentilesOverTimeGraphConsumer#stopProducing(): responseTimePercentilesOverTime produced 0 samples
2025-04-03 12:03:35,581 INFO o.a.j.r.p.AbstractSampleConsumer: class org.apache.jmeter.report.processor.graph.impl.ResponseTimeOverTimeGraphConsumer#stopProducing(): responseTimesOverTime produced 0 samples
2025-04-03 12:03:35,581 INFO o.a.j.r.p.AbstractSampleConsumer: class org.apache.jmeter.report.processor.graph.impl.ConnectTimeOverTimeGraphConsumer#stopProducing(): connectTimeOverTime produced 0 samples
2025-04-03 12:03:35,581 INFO o.a.j.r.p.AbstractSampleConsumer: class org.apache.jmeter.report.processor.graph.impl.LatencyOverTimeGraphConsumer#stopProducing(): latenciesOverTime produced 0 samples
2025-04-03 12:03:35,581 INFO o.a.j.r.p.AbstractSampleConsumer: class org.apache.jmeter.report.processor.FilterConsumer#stopProducing(): nameFilter produced 15 samples
2025-04-03 12:03:35,581 INFO o.a.j.r.p.AbstractSampleConsumer: class org.apache.jmeter.report.processor.FilterConsumer#stopProducing(): dateRangeFilter produced 3 samples
2025-04-03 12:03:35,581 INFO o.a.j.r.p.AbstractSampleConsumer: class org.apache.jmeter.report.processor.NormalizerSampleConsumer#stopProducing(): normalizer produced 1 samples
2025-04-03 12:03:35,581 INFO o.a.j.r.p.CsvFileSampleSource: produce(): 1 samples produced in 65ms on channel 0
2025-04-03 12:03:35,581 INFO o.a.j.r.d.ReportGenerator: Exporting data using exporter:'json' of className:'org.apache.jmeter.report.dashboard.JsonExporter'
2025-04-03 12:03:35,664 INFO o.a.j.r.d.JsonExporter: Found data for consumer statisticsSummary in context
2025-04-03 12:03:35,664 INFO o.a.j.r.d.JsonExporter: Creating statistics for overall
2025-04-03 12:03:35,664 INFO o.a.j.r.d.JsonExporter: Creating statistics for other transactions
2025-04-03 12:03:35,664 INFO o.a.j.r.d.JsonExporter: Checking output folder
2025-04-03 12:03:35,664 INFO o.a.j.r.d.JsonExporter: Writing statistics JSON to C:\Users\User\Documents\maven-jemetre\demo\target\jmeter\reports\Api\statistics.json
2025-04-03 12:03:35,713 INFO o.a.j.r.d.ReportGenerator: Exporting data using exporter:'html' of className:'org.apache.jmeter.report.dashboard.HtmlTemplateExporter'
2025-04-03 12:03:35,713 INFO o.a.j.r.d.HtmlTemplateExporter: Will generate dashboard in folder: C:\Users\User\Documents\maven-jemetre\demo\target\jmeter\reports\Api
2025-04-03 12:03:35,827 INFO o.a.j.r.d.HtmlTemplateExporter: Report will be generated in: C:\Users\User\Documents\maven-jemetre\demo\target\jmeter\reports\Api, creating folder structure
2025-04-03 12:03:35,827 INFO o.a.j.r.d.TemplateVisitor: Copying folder from 'C:\Users\User\Documents\maven-jemetre\demo\target\64089294-73c6-4dab-9924-9bc88ad4a7a0\jmeter\bin\report-template' to 'C:\Users\User\Documents\maven-jemetre\demo\target\jmeter\reports\Api', got message: C:\Users\User\Documents\maven-jemetre\demo\target\jmeter\reports\Api, found non empty folder with following content [C:\Users\User\Documents\maven-jemetre\demo\target\jmeter\reports\Api\statistics.json], will be ignored
2025-04-03 12:03:36,295 INFO o.a.j.JMeter: Dashboard generated
