2025-04-03 14:13:10,944 INFO o.a.j.u.JMeterUtils: Setting Locale to fr_FR
2025-04-03 14:13:10,967 INFO o.a.j.u.JMeterUtils: Could not find resources for 'fr_FR', using 'fr'
2025-04-03 14:13:10,967 INFO o.a.j.JMeter: Loading system properties from: system.properties
2025-04-03 14:13:10,967 INFO o.a.j.JMeter: Setting System property: sun.net.http.allowRestrictedHeaders=true
2025-04-03 14:13:10,976 INFO o.a.j.JMeter: Copyright (c) 1998-2024 The Apache Software Foundation
2025-04-03 14:13:10,976 INFO o.a.j.JMeter: Version 5.6.3
2025-04-03 14:13:10,976 INFO o.a.j.JMeter: java.version=21.0.6
2025-04-03 14:13:10,976 INFO o.a.j.JMeter: java.vm.name=OpenJDK 64-Bit Server VM
2025-04-03 14:13:10,987 INFO o.a.j.JMeter: os.name=Windows 11
2025-04-03 14:13:10,987 INFO o.a.j.JMeter: os.arch=amd64
2025-04-03 14:13:10,987 INFO o.a.j.JMeter: os.version=10.0
2025-04-03 14:13:10,987 INFO o.a.j.JMeter: file.encoding=UTF-8
2025-04-03 14:13:10,987 INFO o.a.j.JMeter: java.awt.headless=true
2025-04-03 14:13:10,987 INFO o.a.j.JMeter: Max memory     =536870912
2025-04-03 14:13:10,987 INFO o.a.j.JMeter: Available Processors =12
2025-04-03 14:13:10,991 INFO o.a.j.JMeter: Default Locale=français (France)
2025-04-03 14:13:10,991 INFO o.a.j.JMeter: JMeter  Locale=français (France)
2025-04-03 14:13:10,991 INFO o.a.j.JMeter: JMeterHome=C:\Users\User\Documents\maven-jemetre\demo\target\ee0352f5-8ac0-4173-9919-24733f3ff985\jmeter
2025-04-03 14:13:10,991 INFO o.a.j.JMeter: user.dir  =C:\Users\User\Documents\maven-jemetre\demo\target\ee0352f5-8ac0-4173-9919-24733f3ff985\jmeter\bin
2025-04-03 14:13:10,991 INFO o.a.j.JMeter: PWD       =C:\Users\User\Documents\maven-jemetre\demo\target\ee0352f5-8ac0-4173-9919-24733f3ff985\jmeter\bin
2025-04-03 14:13:10,991 INFO o.a.j.JMeter: IP: 192.168.1.112 Name: DESKTOP-1D1ORTK FullName: DESKTOP-1D1ORTK.lan
2025-04-03 14:13:11,009 INFO o.a.j.JMeter: Setting property 'jmeter.reportgenerator.outputdir' to:'C:\Users\User\Documents\maven-jemetre\demo\target\jmeter\reports\bdd'
2025-04-03 14:13:11,012 INFO o.a.j.s.FileServer: Default base='C:\Users\User\Documents\maven-jemetre\demo\target\ee0352f5-8ac0-4173-9919-24733f3ff985\jmeter\bin'
2025-04-03 14:13:11,014 INFO o.a.j.s.FileServer: Set new base='C:\Users\User\Documents\maven-jemetre\demo\target\jmeter\testFiles'
2025-04-03 14:13:11,180 INFO o.a.j.s.SaveService: Testplan (JMX) version: 2.2. Testlog (JTL) version: 2.2
2025-04-03 14:13:11,224 INFO o.a.j.s.SaveService: Using SaveService properties version 5.0
2025-04-03 14:13:11,227 INFO o.a.j.s.SaveService: Using SaveService properties file encoding UTF-8
2025-04-03 14:13:11,229 INFO o.a.j.s.SaveService: Loading file: C:\Users\User\Documents\maven-jemetre\demo\target\jmeter\testFiles\bdd.jmx
2025-04-03 14:13:11,278 INFO o.a.j.JMeter: Creating summariser <summary>
2025-04-03 14:13:11,285 INFO o.a.j.r.d.ReportGenerator: ReportGenerator will use for Parsing the separator: ','
2025-04-03 14:13:11,285 INFO o.a.j.r.d.ReportGenerator: Will generate report at end of test from  results file: C:\Users\User\Documents\maven-jemetre\demo\target\jmeter\results\20250403-bdd.csv
2025-04-03 14:13:11,285 INFO o.a.j.r.d.ReportGenerator: Reading report generator properties from: C:\Users\User\Documents\maven-jemetre\demo\target\ee0352f5-8ac0-4173-9919-24733f3ff985\jmeter\bin\reportgenerator.properties
2025-04-03 14:13:11,285 INFO o.a.j.r.d.ReportGenerator: Merging with JMeter properties
2025-04-03 14:13:11,285 INFO o.a.j.r.c.ReportGeneratorConfiguration: Property 'jmeter.reportgenerator.temp_dir' not found, using default value 'temp' instead.
2025-04-03 14:13:11,285 INFO o.a.j.r.c.ReportGeneratorConfiguration: Property 'jmeter.reportgenerator.apdex_per_transaction' not found, using default value 'null' instead.
2025-04-03 14:13:11,299 INFO o.a.j.r.c.ReportGeneratorConfiguration: apdex_per_transaction is empty, not APDEX per transaction customization
2025-04-03 14:13:11,299 INFO o.a.j.r.c.ReportGeneratorConfiguration: Property 'jmeter.reportgenerator.sample_filter' not found, using default value 'null' instead.
2025-04-03 14:13:11,299 INFO o.a.j.r.c.ReportGeneratorConfiguration: Property 'jmeter.reportgenerator.report_title' not found, using default value 'null' instead.
2025-04-03 14:13:11,299 INFO o.a.j.r.c.ReportGeneratorConfiguration: Property 'jmeter.reportgenerator.start_date' not found, using default value 'null' instead.
2025-04-03 14:13:11,299 INFO o.a.j.r.c.ReportGeneratorConfiguration: Property 'jmeter.reportgenerator.end_date' not found, using default value 'null' instead.
2025-04-03 14:13:11,299 INFO o.a.j.r.c.ReportGeneratorConfiguration: Property 'jmeter.reportgenerator.date_format' not found, using default value 'null' instead.
2025-04-03 14:13:11,299 INFO o.a.j.r.c.ReportGeneratorConfiguration: Will use date range start date: null, end date: null
2025-04-03 14:13:11,299 INFO o.a.j.r.c.ReportGeneratorConfiguration: Property 'jmeter.reportgenerator.graph.totalTPS.exclude_controllers' not found, using default value 'false' instead.
2025-04-03 14:13:11,299 INFO o.a.j.r.c.ReportGeneratorConfiguration: Property 'jmeter.reportgenerator.graph.activeThreadsOverTime.exclude_controllers' not found, using default value 'false' instead.
2025-04-03 14:13:11,299 INFO o.a.j.r.c.ReportGeneratorConfiguration: Property 'jmeter.reportgenerator.graph.timeVsThreads.exclude_controllers' not found, using default value 'false' instead.
2025-04-03 14:13:11,299 INFO o.a.j.r.c.ReportGeneratorConfiguration: Property 'jmeter.reportgenerator.graph.responseTimeDistribution.exclude_controllers' not found, using default value 'false' instead.
2025-04-03 14:13:11,299 INFO o.a.j.r.c.ReportGeneratorConfiguration: Property 'jmeter.reportgenerator.graph.transactionsPerSecond.exclude_controllers' not found, using default value 'false' instead.
2025-04-03 14:13:11,299 INFO o.a.j.r.c.ReportGeneratorConfiguration: Property 'jmeter.reportgenerator.graph.responseTimePercentiles.exclude_controllers' not found, using default value 'false' instead.
2025-04-03 14:13:11,299 INFO o.a.j.r.c.ReportGeneratorConfiguration: Property 'jmeter.reportgenerator.graph.responseTimePercentilesOverTime.exclude_controllers' not found, using default value 'false' instead.
2025-04-03 14:13:11,299 INFO o.a.j.r.c.ReportGeneratorConfiguration: Property 'jmeter.reportgenerator.graph.responseTimesOverTime.exclude_controllers' not found, using default value 'false' instead.
2025-04-03 14:13:11,299 INFO o.a.j.r.c.ReportGeneratorConfiguration: Property 'jmeter.reportgenerator.graph.connectTimeOverTime.exclude_controllers' not found, using default value 'false' instead.
2025-04-03 14:13:11,299 INFO o.a.j.r.c.ReportGeneratorConfiguration: Property 'jmeter.reportgenerator.graph.latenciesOverTime.exclude_controllers' not found, using default value 'false' instead.
2025-04-03 14:13:11,299 INFO o.a.j.r.c.ReportGeneratorConfiguration: Property 'jmeter.reportgenerator.exporter.json.filters_only_sample_series' not found, using default value 'true' instead.
2025-04-03 14:13:11,299 INFO o.a.j.r.c.ReportGeneratorConfiguration: Property 'jmeter.reportgenerator.exporter.json.series_filter' not found, using default value '' instead.
2025-04-03 14:13:11,299 INFO o.a.j.r.c.ReportGeneratorConfiguration: Property 'jmeter.reportgenerator.exporter.json.show_controllers_only' not found, using default value 'false' instead.
2025-04-03 14:13:11,299 INFO o.a.j.r.c.ReportGeneratorConfiguration: Property 'jmeter.reportgenerator.exporter.html.filters_only_sample_series' not found, using default value 'true' instead.
2025-04-03 14:13:11,299 INFO o.a.j.r.c.ReportGeneratorConfiguration: Property 'jmeter.reportgenerator.exporter.html.series_filter' not found, using default value '' instead.
2025-04-03 14:13:11,299 INFO o.a.j.r.c.ReportGeneratorConfiguration: Property 'jmeter.reportgenerator.exporter.html.show_controllers_only' not found, using default value 'false' instead.
2025-04-03 14:13:11,317 INFO o.a.j.e.StandardJMeterEngine: Running the test!
2025-04-03 14:13:11,317 INFO o.a.j.s.SampleEvent: List of sample_variables: []
2025-04-03 14:13:11,317 INFO o.a.j.s.SampleEvent: List of sample_variables: []
2025-04-03 14:13:11,317 INFO o.a.j.e.u.CompoundVariable: Note: Function class names must contain the string: '.functions.'
2025-04-03 14:13:11,331 INFO o.a.j.e.u.CompoundVariable: Note: Function class names must not contain the string: '.gui.'
2025-04-03 14:13:11,350 INFO o.a.j.r.ClassFinder: Will scan jar C:\Users\User\Documents\maven-jemetre\demo\target\ee0352f5-8ac0-4173-9919-24733f3ff985\jmeter\lib\ext\ApacheJMeter_http-5.5.jar with filter ExtendsClassFilter [parents=[interface org.apache.jmeter.functions.Function], inner=false, contains=null, notContains=null]. Consider exposing JMeter plugins via META-INF/services, and add JMeter-Skip-Class-Scanning=true manifest attribute so JMeter can skip classfile scanning
2025-04-03 14:13:11,418 INFO o.a.j.r.ClassFinder: Will scan jar C:\Users\User\Documents\maven-jemetre\demo\target\ee0352f5-8ac0-4173-9919-24733f3ff985\jmeter\lib\ext\ApacheJMeter_junit-5.5.jar with filter ExtendsClassFilter [parents=[interface org.apache.jmeter.functions.Function], inner=false, contains=null, notContains=null]. Consider exposing JMeter plugins via META-INF/services, and add JMeter-Skip-Class-Scanning=true manifest attribute so JMeter can skip classfile scanning
2025-04-03 14:13:11,420 INFO o.a.j.r.ClassFinder: Will scan jar C:\Users\User\Documents\maven-jemetre\demo\target\ee0352f5-8ac0-4173-9919-24733f3ff985\jmeter\lib\ext\ApacheJMeter_jdbc-5.5.jar with filter ExtendsClassFilter [parents=[interface org.apache.jmeter.functions.Function], inner=false, contains=null, notContains=null]. Consider exposing JMeter plugins via META-INF/services, and add JMeter-Skip-Class-Scanning=true manifest attribute so JMeter can skip classfile scanning
2025-04-03 14:13:11,422 INFO o.a.j.r.ClassFinder: Will scan jar C:\Users\User\Documents\maven-jemetre\demo\target\ee0352f5-8ac0-4173-9919-24733f3ff985\jmeter\lib\ext\ApacheJMeter_components-5.5.jar with filter ExtendsClassFilter [parents=[interface org.apache.jmeter.functions.Function], inner=false, contains=null, notContains=null]. Consider exposing JMeter plugins via META-INF/services, and add JMeter-Skip-Class-Scanning=true manifest attribute so JMeter can skip classfile scanning
2025-04-03 14:13:11,498 INFO o.a.j.r.ClassFinder: Will scan jar C:\Users\User\Documents\maven-jemetre\demo\target\ee0352f5-8ac0-4173-9919-24733f3ff985\jmeter\lib\ext\jmeter-plugins-webdriver-4.13.0.2.jar with filter ExtendsClassFilter [parents=[interface org.apache.jmeter.functions.Function], inner=false, contains=null, notContains=null]. Consider exposing JMeter plugins via META-INF/services, and add JMeter-Skip-Class-Scanning=true manifest attribute so JMeter can skip classfile scanning
2025-04-03 14:13:11,498 INFO o.a.j.r.ClassFinder: Will scan jar C:\Users\User\Documents\maven-jemetre\demo\target\ee0352f5-8ac0-4173-9919-24733f3ff985\jmeter\lib\ext\ApacheJMeter_native-5.5.jar with filter ExtendsClassFilter [parents=[interface org.apache.jmeter.functions.Function], inner=false, contains=null, notContains=null]. Consider exposing JMeter plugins via META-INF/services, and add JMeter-Skip-Class-Scanning=true manifest attribute so JMeter can skip classfile scanning
2025-04-03 14:13:11,498 INFO o.a.j.r.ClassFinder: Will scan jar C:\Users\User\Documents\maven-jemetre\demo\target\ee0352f5-8ac0-4173-9919-24733f3ff985\jmeter\lib\ext\ApacheJMeter_ftp-5.5.jar with filter ExtendsClassFilter [parents=[interface org.apache.jmeter.functions.Function], inner=false, contains=null, notContains=null]. Consider exposing JMeter plugins via META-INF/services, and add JMeter-Skip-Class-Scanning=true manifest attribute so JMeter can skip classfile scanning
2025-04-03 14:13:11,513 INFO o.a.j.r.ClassFinder: Will scan jar C:\Users\User\Documents\maven-jemetre\demo\target\ee0352f5-8ac0-4173-9919-24733f3ff985\jmeter\lib\ext\ApacheJMeter_bolt-5.5.jar with filter ExtendsClassFilter [parents=[interface org.apache.jmeter.functions.Function], inner=false, contains=null, notContains=null]. Consider exposing JMeter plugins via META-INF/services, and add JMeter-Skip-Class-Scanning=true manifest attribute so JMeter can skip classfile scanning
2025-04-03 14:13:11,513 INFO o.a.j.r.ClassFinder: Will scan jar C:\Users\User\Documents\maven-jemetre\demo\target\ee0352f5-8ac0-4173-9919-24733f3ff985\jmeter\lib\ext\ApacheJMeter_functions-5.5.jar with filter ExtendsClassFilter [parents=[interface org.apache.jmeter.functions.Function], inner=false, contains=null, notContains=null]. Consider exposing JMeter plugins via META-INF/services, and add JMeter-Skip-Class-Scanning=true manifest attribute so JMeter can skip classfile scanning
2025-04-03 14:13:11,529 INFO o.a.j.r.ClassFinder: Will scan jar C:\Users\User\Documents\maven-jemetre\demo\target\ee0352f5-8ac0-4173-9919-24733f3ff985\jmeter\lib\ext\ApacheJMeter_java-5.5.jar with filter ExtendsClassFilter [parents=[interface org.apache.jmeter.functions.Function], inner=false, contains=null, notContains=null]. Consider exposing JMeter plugins via META-INF/services, and add JMeter-Skip-Class-Scanning=true manifest attribute so JMeter can skip classfile scanning
2025-04-03 14:13:11,529 INFO o.a.j.r.ClassFinder: Will scan jar C:\Users\User\Documents\maven-jemetre\demo\target\ee0352f5-8ac0-4173-9919-24733f3ff985\jmeter\lib\ext\ApacheJMeter_mail-5.5.jar with filter ExtendsClassFilter [parents=[interface org.apache.jmeter.functions.Function], inner=false, contains=null, notContains=null]. Consider exposing JMeter plugins via META-INF/services, and add JMeter-Skip-Class-Scanning=true manifest attribute so JMeter can skip classfile scanning
2025-04-03 14:13:11,541 INFO o.a.j.r.ClassFinder: Will scan jar C:\Users\User\Documents\maven-jemetre\demo\target\ee0352f5-8ac0-4173-9919-24733f3ff985\jmeter\lib\ext\ApacheJMeter_tcp-5.5.jar with filter ExtendsClassFilter [parents=[interface org.apache.jmeter.functions.Function], inner=false, contains=null, notContains=null]. Consider exposing JMeter plugins via META-INF/services, and add JMeter-Skip-Class-Scanning=true manifest attribute so JMeter can skip classfile scanning
2025-04-03 14:13:11,545 INFO o.a.j.r.ClassFinder: Will scan jar C:\Users\User\Documents\maven-jemetre\demo\target\ee0352f5-8ac0-4173-9919-24733f3ff985\jmeter\lib\ext\ApacheJMeter_mongodb-5.5.jar with filter ExtendsClassFilter [parents=[interface org.apache.jmeter.functions.Function], inner=false, contains=null, notContains=null]. Consider exposing JMeter plugins via META-INF/services, and add JMeter-Skip-Class-Scanning=true manifest attribute so JMeter can skip classfile scanning
2025-04-03 14:13:11,545 INFO o.a.j.r.ClassFinder: Will scan jar C:\Users\User\Documents\maven-jemetre\demo\target\ee0352f5-8ac0-4173-9919-24733f3ff985\jmeter\lib\ext\ApacheJMeter_ldap-5.5.jar with filter ExtendsClassFilter [parents=[interface org.apache.jmeter.functions.Function], inner=false, contains=null, notContains=null]. Consider exposing JMeter plugins via META-INF/services, and add JMeter-Skip-Class-Scanning=true manifest attribute so JMeter can skip classfile scanning
2025-04-03 14:13:11,545 INFO o.a.j.r.ClassFinder: Will scan jar C:\Users\User\Documents\maven-jemetre\demo\target\ee0352f5-8ac0-4173-9919-24733f3ff985\jmeter\lib\ext\ApacheJMeter_core-5.5.jar with filter ExtendsClassFilter [parents=[interface org.apache.jmeter.functions.Function], inner=false, contains=null, notContains=null]. Consider exposing JMeter plugins via META-INF/services, and add JMeter-Skip-Class-Scanning=true manifest attribute so JMeter can skip classfile scanning
2025-04-03 14:13:11,618 INFO o.a.j.r.ClassFinder: Will scan jar C:\Users\User\Documents\maven-jemetre\demo\target\ee0352f5-8ac0-4173-9919-24733f3ff985\jmeter\lib\ext\ApacheJMeter_jms-5.5.jar with filter ExtendsClassFilter [parents=[interface org.apache.jmeter.functions.Function], inner=false, contains=null, notContains=null]. Consider exposing JMeter plugins via META-INF/services, and add JMeter-Skip-Class-Scanning=true manifest attribute so JMeter can skip classfile scanning
2025-04-03 14:13:11,706 INFO o.a.j.JMeter: Lancer test (1743682391706)
2025-04-03 14:13:11,717 INFO o.a.j.e.StandardJMeterEngine: Starting ThreadGroup: 1 : bdd
2025-04-03 14:13:11,719 INFO o.a.j.e.StandardJMeterEngine: Starting 1 threads for group bdd.
2025-04-03 14:13:11,719 INFO o.a.j.e.StandardJMeterEngine: Thread will continue on error
2025-04-03 14:13:11,719 INFO o.a.j.t.ThreadGroup: Starting thread group... number=1 threads=1 ramp-up=1 delayedStart=false
2025-04-03 14:13:11,721 INFO o.a.j.t.ThreadGroup: Started thread group number 1
2025-04-03 14:13:11,721 INFO o.a.j.e.StandardJMeterEngine: All thread groups have been started
2025-04-03 14:13:11,721 INFO o.a.j.t.JMeterThread: Thread started: bdd 1-1
2025-04-03 14:13:11,723 INFO o.a.j.s.SampleResult: Note: Sample TimeStamps are START times
2025-04-03 14:13:11,723 INFO o.a.j.s.SampleResult: sampleresult.default.encoding is set to UTF-8
2025-04-03 14:13:11,723 INFO o.a.j.s.SampleResult: sampleresult.useNanoTime=true
2025-04-03 14:13:11,723 INFO o.a.j.s.SampleResult: sampleresult.nanoThreadSleep=5000
2025-04-03 14:13:12,250 INFO o.a.j.t.JMeterThread: Thread is done: bdd 1-1
2025-04-03 14:13:12,250 INFO o.a.j.t.JMeterThread: Thread finished: bdd 1-1
2025-04-03 14:13:12,250 INFO o.a.j.e.StandardJMeterEngine: Notifying test listeners of end of test
2025-04-03 14:13:12,261 INFO o.a.j.r.Summariser: summary =      1 in 00:00:01 =    1,8/s Avg:   532 Min:   532 Max:   532 Err:     0 (0,00%)
2025-04-03 14:13:12,261 INFO o.a.j.JMeter: Generating Dashboard
2025-04-03 14:13:12,261 INFO o.a.j.r.d.ReportGenerator: Flushing result collector before report Generation
2025-04-03 14:13:12,270 INFO o.a.j.r.p.NormalizerSampleConsumer: Using format, 'ms', to parse timeStamp field
2025-04-03 14:13:12,301 INFO o.a.j.r.p.AbstractSampleConsumer: class org.apache.jmeter.report.processor.AggregateConsumer#stopProducing(): beginDate produced 0 samples
2025-04-03 14:13:12,301 INFO o.a.j.r.p.AbstractSampleConsumer: class org.apache.jmeter.report.processor.AggregateConsumer#stopProducing(): endDate produced 0 samples
2025-04-03 14:13:12,301 INFO o.a.j.r.p.AbstractSampleConsumer: class org.apache.jmeter.report.processor.ApdexSummaryConsumer#stopProducing(): apdexSummary produced 0 samples
2025-04-03 14:13:12,301 INFO o.a.j.r.p.AbstractSampleConsumer: class org.apache.jmeter.report.processor.RequestsSummaryConsumer#stopProducing(): requestsSummary produced 0 samples
2025-04-03 14:13:12,301 INFO o.a.j.r.p.AbstractSampleConsumer: class org.apache.jmeter.report.processor.StatisticsSummaryConsumer#stopProducing(): statisticsSummary produced 0 samples
2025-04-03 14:13:12,301 INFO o.a.j.r.p.AbstractSampleConsumer: class org.apache.jmeter.report.processor.Top5ErrorsBySamplerConsumer#stopProducing(): top5ErrorsBySampler produced 0 samples
2025-04-03 14:13:12,301 INFO o.a.j.r.p.AbstractSampleConsumer: class org.apache.jmeter.report.processor.ErrorsSummaryConsumer#stopProducing(): errorsSummary produced 0 samples
2025-04-03 14:13:12,301 INFO o.a.j.r.p.AbstractSampleConsumer: class org.apache.jmeter.report.processor.graph.impl.HitsPerSecondGraphConsumer#stopProducing(): hitsPerSecond produced 0 samples
2025-04-03 14:13:12,301 INFO o.a.j.r.p.AbstractSampleConsumer: class org.apache.jmeter.report.processor.graph.impl.LatencyVSRequestGraphConsumer#stopProducing(): latencyVsRequest produced 0 samples
2025-04-03 14:13:12,315 INFO o.a.j.r.p.AbstractSampleConsumer: class org.apache.jmeter.report.processor.graph.impl.SyntheticResponseTimeDistributionGraphConsumer#stopProducing(): syntheticResponseTimeDistribution produced 0 samples
2025-04-03 14:13:12,315 INFO o.a.j.r.p.AbstractSampleConsumer: class org.apache.jmeter.report.processor.graph.impl.BytesThroughputGraphConsumer#stopProducing(): bytesThroughputOverTime produced 0 samples
2025-04-03 14:13:12,315 INFO o.a.j.r.p.AbstractSampleConsumer: class org.apache.jmeter.report.processor.graph.impl.CodesPerSecondGraphConsumer#stopProducing(): codesPerSecond produced 0 samples
2025-04-03 14:13:12,316 INFO o.a.j.r.p.AbstractSampleConsumer: class org.apache.jmeter.report.processor.graph.impl.ResponseTimeVSRequestGraphConsumer#stopProducing(): responseTimeVsRequest produced 0 samples
2025-04-03 14:13:12,316 INFO o.a.j.r.p.AbstractSampleConsumer: class org.apache.jmeter.report.processor.FilterConsumer#stopProducing(): startIntervalControlerFilter produced 7 samples
2025-04-03 14:13:12,316 INFO o.a.j.r.p.AbstractSampleConsumer: class org.apache.jmeter.report.processor.graph.impl.TotalTPSGraphConsumer#stopProducing(): totalTPS produced 0 samples
2025-04-03 14:13:12,316 INFO o.a.j.r.p.AbstractSampleConsumer: class org.apache.jmeter.report.processor.graph.impl.ActiveThreadsGraphConsumer#stopProducing(): activeThreadsOverTime produced 0 samples
2025-04-03 14:13:12,316 INFO o.a.j.r.p.AbstractSampleConsumer: class org.apache.jmeter.report.processor.graph.impl.TimeVSThreadGraphConsumer#stopProducing(): timeVsThreads produced 0 samples
2025-04-03 14:13:12,316 INFO o.a.j.r.p.AbstractSampleConsumer: class org.apache.jmeter.report.processor.graph.impl.ResponseTimeDistributionGraphConsumer#stopProducing(): responseTimeDistribution produced 0 samples
2025-04-03 14:13:12,316 INFO o.a.j.r.p.AbstractSampleConsumer: class org.apache.jmeter.report.processor.graph.impl.TransactionsPerSecondGraphConsumer#stopProducing(): transactionsPerSecond produced 0 samples
2025-04-03 14:13:12,316 INFO o.a.j.r.p.AbstractSampleConsumer: class org.apache.jmeter.report.processor.graph.impl.ResponseTimePercentilesGraphConsumer#stopProducing(): responseTimePercentiles produced 0 samples
2025-04-03 14:13:12,316 INFO o.a.j.r.p.AbstractSampleConsumer: class org.apache.jmeter.report.processor.graph.impl.ResponseTimePercentilesOverTimeGraphConsumer#stopProducing(): responseTimePercentilesOverTime produced 0 samples
2025-04-03 14:13:12,316 INFO o.a.j.r.p.AbstractSampleConsumer: class org.apache.jmeter.report.processor.graph.impl.ResponseTimeOverTimeGraphConsumer#stopProducing(): responseTimesOverTime produced 0 samples
2025-04-03 14:13:12,316 INFO o.a.j.r.p.AbstractSampleConsumer: class org.apache.jmeter.report.processor.graph.impl.ConnectTimeOverTimeGraphConsumer#stopProducing(): connectTimeOverTime produced 0 samples
2025-04-03 14:13:12,316 INFO o.a.j.r.p.AbstractSampleConsumer: class org.apache.jmeter.report.processor.graph.impl.LatencyOverTimeGraphConsumer#stopProducing(): latenciesOverTime produced 0 samples
2025-04-03 14:13:12,316 INFO o.a.j.r.p.AbstractSampleConsumer: class org.apache.jmeter.report.processor.FilterConsumer#stopProducing(): nameFilter produced 15 samples
2025-04-03 14:13:12,316 INFO o.a.j.r.p.AbstractSampleConsumer: class org.apache.jmeter.report.processor.FilterConsumer#stopProducing(): dateRangeFilter produced 3 samples
2025-04-03 14:13:12,316 INFO o.a.j.r.p.AbstractSampleConsumer: class org.apache.jmeter.report.processor.NormalizerSampleConsumer#stopProducing(): normalizer produced 1 samples
2025-04-03 14:13:12,316 INFO o.a.j.r.p.CsvFileSampleSource: produce(): 1 samples produced in 33ms on channel 0
2025-04-03 14:13:12,316 INFO o.a.j.r.d.ReportGenerator: Exporting data using exporter:'json' of className:'org.apache.jmeter.report.dashboard.JsonExporter'
2025-04-03 14:13:12,381 INFO o.a.j.r.d.JsonExporter: Found data for consumer statisticsSummary in context
2025-04-03 14:13:12,381 INFO o.a.j.r.d.JsonExporter: Creating statistics for overall
2025-04-03 14:13:12,381 INFO o.a.j.r.d.JsonExporter: Creating statistics for other transactions
2025-04-03 14:13:12,381 INFO o.a.j.r.d.JsonExporter: Checking output folder
2025-04-03 14:13:12,381 INFO o.a.j.r.d.JsonExporter: Writing statistics JSON to C:\Users\User\Documents\maven-jemetre\demo\target\jmeter\reports\bdd\statistics.json
2025-04-03 14:13:12,413 INFO o.a.j.r.d.ReportGenerator: Exporting data using exporter:'html' of className:'org.apache.jmeter.report.dashboard.HtmlTemplateExporter'
2025-04-03 14:13:12,413 INFO o.a.j.r.d.HtmlTemplateExporter: Will generate dashboard in folder: C:\Users\User\Documents\maven-jemetre\demo\target\jmeter\reports\bdd
2025-04-03 14:13:12,493 INFO o.a.j.r.d.HtmlTemplateExporter: Report will be generated in: C:\Users\User\Documents\maven-jemetre\demo\target\jmeter\reports\bdd, creating folder structure
2025-04-03 14:13:12,493 INFO o.a.j.r.d.TemplateVisitor: Copying folder from 'C:\Users\User\Documents\maven-jemetre\demo\target\ee0352f5-8ac0-4173-9919-24733f3ff985\jmeter\bin\report-template' to 'C:\Users\User\Documents\maven-jemetre\demo\target\jmeter\reports\bdd', got message: C:\Users\User\Documents\maven-jemetre\demo\target\jmeter\reports\bdd, found non empty folder with following content [C:\Users\User\Documents\maven-jemetre\demo\target\jmeter\reports\bdd\statistics.json], will be ignored
2025-04-03 14:13:12,926 INFO o.a.j.JMeter: Dashboard generated
