2025-04-03 14:13:15,420 INFO o.a.j.u.JMeterUtils: Setting Locale to fr_FR
2025-04-03 14:13:15,450 INFO o.a.j.u.JMeterUtils: Could not find resources for 'fr_FR', using 'fr'
2025-04-03 14:13:15,450 INFO o.a.j.JMeter: Loading system properties from: system.properties
2025-04-03 14:13:15,451 INFO o.a.j.JMeter: Setting System property: sun.net.http.allowRestrictedHeaders=true
2025-04-03 14:13:15,456 INFO o.a.j.JMeter: Copyright (c) 1998-2024 The Apache Software Foundation
2025-04-03 14:13:15,456 INFO o.a.j.JMeter: Version 5.6.3
2025-04-03 14:13:15,456 INFO o.a.j.JMeter: java.version=21.0.6
2025-04-03 14:13:15,456 INFO o.a.j.JMeter: java.vm.name=OpenJDK 64-Bit Server VM
2025-04-03 14:13:15,467 INFO o.a.j.JMeter: os.name=Windows 11
2025-04-03 14:13:15,467 INFO o.a.j.JMeter: os.arch=amd64
2025-04-03 14:13:15,467 INFO o.a.j.JMeter: os.version=10.0
2025-04-03 14:13:15,467 INFO o.a.j.JMeter: file.encoding=UTF-8
2025-04-03 14:13:15,467 INFO o.a.j.JMeter: java.awt.headless=true
2025-04-03 14:13:15,467 INFO o.a.j.JMeter: Max memory     =536870912
2025-04-03 14:13:15,467 INFO o.a.j.JMeter: Available Processors =12
2025-04-03 14:13:15,470 INFO o.a.j.JMeter: Default Locale=français (France)
2025-04-03 14:13:15,470 INFO o.a.j.JMeter: JMeter  Locale=français (France)
2025-04-03 14:13:15,470 INFO o.a.j.JMeter: JMeterHome=C:\Users\User\Documents\maven-jemetre\demo\target\ee0352f5-8ac0-4173-9919-24733f3ff985\jmeter
2025-04-03 14:13:15,470 INFO o.a.j.JMeter: user.dir  =C:\Users\User\Documents\maven-jemetre\demo\target\ee0352f5-8ac0-4173-9919-24733f3ff985\jmeter\bin
2025-04-03 14:13:15,470 INFO o.a.j.JMeter: PWD       =C:\Users\User\Documents\maven-jemetre\demo\target\ee0352f5-8ac0-4173-9919-24733f3ff985\jmeter\bin
2025-04-03 14:13:15,487 INFO o.a.j.JMeter: IP: 192.168.1.112 Name: DESKTOP-1D1ORTK FullName: DESKTOP-1D1ORTK.lan
2025-04-03 14:13:15,505 INFO o.a.j.JMeter: Setting property 'jmeter.reportgenerator.outputdir' to:'C:\Users\User\Documents\maven-jemetre\demo\target\jmeter\reports\front'
2025-04-03 14:13:15,505 INFO o.a.j.s.FileServer: Default base='C:\Users\User\Documents\maven-jemetre\demo\target\ee0352f5-8ac0-4173-9919-24733f3ff985\jmeter\bin'
2025-04-03 14:13:15,505 INFO o.a.j.s.FileServer: Set new base='C:\Users\User\Documents\maven-jemetre\demo\target\jmeter\testFiles'
2025-04-03 14:13:15,702 INFO o.a.j.s.SaveService: Testplan (JMX) version: 2.2. Testlog (JTL) version: 2.2
2025-04-03 14:13:15,734 INFO o.a.j.s.SaveService: Using SaveService properties version 5.0
2025-04-03 14:13:15,737 INFO o.a.j.s.SaveService: Using SaveService properties file encoding UTF-8
2025-04-03 14:13:15,737 INFO o.a.j.s.SaveService: Loading file: C:\Users\User\Documents\maven-jemetre\demo\target\jmeter\testFiles\front.jmx
2025-04-03 14:13:15,786 INFO o.a.j.s.SampleResult: Note: Sample TimeStamps are START times
2025-04-03 14:13:15,787 INFO o.a.j.s.SampleResult: sampleresult.default.encoding is set to UTF-8
2025-04-03 14:13:15,787 INFO o.a.j.s.SampleResult: sampleresult.useNanoTime=true
2025-04-03 14:13:15,787 INFO o.a.j.s.SampleResult: sampleresult.nanoThreadSleep=5000
2025-04-03 14:13:15,909 INFO o.a.j.JMeter: Creating summariser <summary>
2025-04-03 14:13:15,913 INFO o.a.j.r.d.ReportGenerator: ReportGenerator will use for Parsing the separator: ','
2025-04-03 14:13:15,913 INFO o.a.j.r.d.ReportGenerator: Will generate report at end of test from  results file: C:\Users\User\Documents\maven-jemetre\demo\target\jmeter\results\20250403-front.csv
2025-04-03 14:13:15,913 INFO o.a.j.r.d.ReportGenerator: Reading report generator properties from: C:\Users\User\Documents\maven-jemetre\demo\target\ee0352f5-8ac0-4173-9919-24733f3ff985\jmeter\bin\reportgenerator.properties
2025-04-03 14:13:15,913 INFO o.a.j.r.d.ReportGenerator: Merging with JMeter properties
2025-04-03 14:13:15,920 INFO o.a.j.r.c.ReportGeneratorConfiguration: Property 'jmeter.reportgenerator.temp_dir' not found, using default value 'temp' instead.
2025-04-03 14:13:15,923 INFO o.a.j.r.c.ReportGeneratorConfiguration: Property 'jmeter.reportgenerator.apdex_per_transaction' not found, using default value 'null' instead.
2025-04-03 14:13:15,933 INFO o.a.j.r.c.ReportGeneratorConfiguration: apdex_per_transaction is empty, not APDEX per transaction customization
2025-04-03 14:13:15,933 INFO o.a.j.r.c.ReportGeneratorConfiguration: Property 'jmeter.reportgenerator.sample_filter' not found, using default value 'null' instead.
2025-04-03 14:13:15,933 INFO o.a.j.r.c.ReportGeneratorConfiguration: Property 'jmeter.reportgenerator.report_title' not found, using default value 'null' instead.
2025-04-03 14:13:15,933 INFO o.a.j.r.c.ReportGeneratorConfiguration: Property 'jmeter.reportgenerator.start_date' not found, using default value 'null' instead.
2025-04-03 14:13:15,933 INFO o.a.j.r.c.ReportGeneratorConfiguration: Property 'jmeter.reportgenerator.end_date' not found, using default value 'null' instead.
2025-04-03 14:13:15,933 INFO o.a.j.r.c.ReportGeneratorConfiguration: Property 'jmeter.reportgenerator.date_format' not found, using default value 'null' instead.
2025-04-03 14:13:15,937 INFO o.a.j.r.c.ReportGeneratorConfiguration: Will use date range start date: null, end date: null
2025-04-03 14:13:15,937 INFO o.a.j.r.c.ReportGeneratorConfiguration: Property 'jmeter.reportgenerator.graph.totalTPS.exclude_controllers' not found, using default value 'false' instead.
2025-04-03 14:13:15,937 INFO o.a.j.r.c.ReportGeneratorConfiguration: Property 'jmeter.reportgenerator.graph.activeThreadsOverTime.exclude_controllers' not found, using default value 'false' instead.
2025-04-03 14:13:15,937 INFO o.a.j.r.c.ReportGeneratorConfiguration: Property 'jmeter.reportgenerator.graph.timeVsThreads.exclude_controllers' not found, using default value 'false' instead.
2025-04-03 14:13:15,937 INFO o.a.j.r.c.ReportGeneratorConfiguration: Property 'jmeter.reportgenerator.graph.responseTimeDistribution.exclude_controllers' not found, using default value 'false' instead.
2025-04-03 14:13:15,937 INFO o.a.j.r.c.ReportGeneratorConfiguration: Property 'jmeter.reportgenerator.graph.transactionsPerSecond.exclude_controllers' not found, using default value 'false' instead.
2025-04-03 14:13:15,937 INFO o.a.j.r.c.ReportGeneratorConfiguration: Property 'jmeter.reportgenerator.graph.responseTimePercentiles.exclude_controllers' not found, using default value 'false' instead.
2025-04-03 14:13:15,937 INFO o.a.j.r.c.ReportGeneratorConfiguration: Property 'jmeter.reportgenerator.graph.responseTimePercentilesOverTime.exclude_controllers' not found, using default value 'false' instead.
2025-04-03 14:13:15,937 INFO o.a.j.r.c.ReportGeneratorConfiguration: Property 'jmeter.reportgenerator.graph.responseTimesOverTime.exclude_controllers' not found, using default value 'false' instead.
2025-04-03 14:13:15,937 INFO o.a.j.r.c.ReportGeneratorConfiguration: Property 'jmeter.reportgenerator.graph.connectTimeOverTime.exclude_controllers' not found, using default value 'false' instead.
2025-04-03 14:13:15,937 INFO o.a.j.r.c.ReportGeneratorConfiguration: Property 'jmeter.reportgenerator.graph.latenciesOverTime.exclude_controllers' not found, using default value 'false' instead.
2025-04-03 14:13:15,937 INFO o.a.j.r.c.ReportGeneratorConfiguration: Property 'jmeter.reportgenerator.exporter.json.filters_only_sample_series' not found, using default value 'true' instead.
2025-04-03 14:13:15,937 INFO o.a.j.r.c.ReportGeneratorConfiguration: Property 'jmeter.reportgenerator.exporter.json.series_filter' not found, using default value '' instead.
2025-04-03 14:13:15,937 INFO o.a.j.r.c.ReportGeneratorConfiguration: Property 'jmeter.reportgenerator.exporter.json.show_controllers_only' not found, using default value 'false' instead.
2025-04-03 14:13:15,937 INFO o.a.j.r.c.ReportGeneratorConfiguration: Property 'jmeter.reportgenerator.exporter.html.filters_only_sample_series' not found, using default value 'true' instead.
2025-04-03 14:13:15,937 INFO o.a.j.r.c.ReportGeneratorConfiguration: Property 'jmeter.reportgenerator.exporter.html.series_filter' not found, using default value '' instead.
2025-04-03 14:13:15,948 INFO o.a.j.r.c.ReportGeneratorConfiguration: Property 'jmeter.reportgenerator.exporter.html.show_controllers_only' not found, using default value 'false' instead.
2025-04-03 14:13:15,954 ERROR o.a.j.JMeter: Error in NonGUIDriver
java.lang.IllegalStateException: Could not find the TestPlan class!
	at org.apache.jmeter.engine.StandardJMeterEngine.configure(StandardJMeterEngine.java:192) ~[ApacheJMeter_core-5.6.3.jar:5.6.3]
	at org.apache.jmeter.JMeter.runNonGui(JMeter.java:1021) [ApacheJMeter_core-5.6.3.jar:5.6.3]
	at org.apache.jmeter.JMeter.startNonGui(JMeter.java:940) [ApacheJMeter_core-5.6.3.jar:5.6.3]
	at org.apache.jmeter.JMeter.start(JMeter.java:508) [ApacheJMeter_core-5.6.3.jar:5.6.3]
	at java.base/jdk.internal.reflect.DirectMethodHandleAccessor.invoke(DirectMethodHandleAccessor.java:103) ~[?:?]
	at java.base/java.lang.reflect.Method.invoke(Method.java:580) ~[?:?]
	at org.apache.jmeter.NewDriver.main(NewDriver.java:259) [ApacheJMeter-5.5.jar:5.5]
2025-04-03 14:13:15,958 ERROR o.a.j.JMeter: An error occurred: 
org.apache.jmeter.report.config.ConfigurationException: Error in NonGUIDriver Could not find the TestPlan class!
	at org.apache.jmeter.JMeter.runNonGui(JMeter.java:1049) ~[ApacheJMeter_core-5.6.3.jar:5.6.3]
	at org.apache.jmeter.JMeter.startNonGui(JMeter.java:940) ~[ApacheJMeter_core-5.6.3.jar:5.6.3]
	at org.apache.jmeter.JMeter.start(JMeter.java:508) [ApacheJMeter_core-5.6.3.jar:5.6.3]
	at java.base/jdk.internal.reflect.DirectMethodHandleAccessor.invoke(DirectMethodHandleAccessor.java:103) ~[?:?]
	at java.base/java.lang.reflect.Method.invoke(Method.java:580) ~[?:?]
	at org.apache.jmeter.NewDriver.main(NewDriver.java:259) [ApacheJMeter-5.5.jar:5.5]
Caused by: java.lang.IllegalStateException: Could not find the TestPlan class!
	at org.apache.jmeter.engine.StandardJMeterEngine.configure(StandardJMeterEngine.java:192) ~[ApacheJMeter_core-5.6.3.jar:5.6.3]
	at org.apache.jmeter.JMeter.runNonGui(JMeter.java:1021) ~[ApacheJMeter_core-5.6.3.jar:5.6.3]
	... 5 more
