2025-04-02 11:39:32,583 INFO o.a.j.u.JMeterUtils: Setting Locale to fr_FR
2025-04-02 11:39:32,604 INFO o.a.j.u.JMeterUtils: Could not find resources for 'fr_FR', using 'fr'
2025-04-02 11:39:32,604 INFO o.a.j.JMeter: Loading system properties from: system.properties
2025-04-02 11:39:32,604 INFO o.a.j.JMeter: Setting System property: sun.net.http.allowRestrictedHeaders=true
2025-04-02 11:39:32,619 INFO o.a.j.JMeter: Copyright (c) 1998-2024 The Apache Software Foundation
2025-04-02 11:39:32,619 INFO o.a.j.JMeter: Version 5.6.3
2025-04-02 11:39:32,619 INFO o.a.j.JMeter: java.version=21.0.6
2025-04-02 11:39:32,630 INFO o.a.j.JMeter: java.vm.name=OpenJDK 64-Bit Server VM
2025-04-02 11:39:32,630 INFO o.a.j.JMeter: os.name=Windows 11
2025-04-02 11:39:32,630 INFO o.a.j.JMeter: os.arch=amd64
2025-04-02 11:39:32,630 INFO o.a.j.JMeter: os.version=10.0
2025-04-02 11:39:32,630 INFO o.a.j.JMeter: file.encoding=UTF-8
2025-04-02 11:39:32,630 INFO o.a.j.JMeter: java.awt.headless=true
2025-04-02 11:39:32,630 INFO o.a.j.JMeter: Max memory     =536870912
2025-04-02 11:39:32,630 INFO o.a.j.JMeter: Available Processors =12
2025-04-02 11:39:32,638 INFO o.a.j.JMeter: Default Locale=français (France)
2025-04-02 11:39:32,638 INFO o.a.j.JMeter: JMeter  Locale=français (France)
2025-04-02 11:39:32,638 INFO o.a.j.JMeter: JMeterHome=C:\Users\User\Documents\maven-jemetre\demo\target\fff1f089-4313-403c-a94c-1ba1f8fa584a\jmeter
2025-04-02 11:39:32,638 INFO o.a.j.JMeter: user.dir  =C:\Users\User\Documents\maven-jemetre\demo\target\fff1f089-4313-403c-a94c-1ba1f8fa584a\jmeter\bin
2025-04-02 11:39:32,640 INFO o.a.j.JMeter: PWD       =C:\Users\User\Documents\maven-jemetre\demo\target\fff1f089-4313-403c-a94c-1ba1f8fa584a\jmeter\bin
2025-04-02 11:39:32,650 INFO o.a.j.JMeter: IP: 192.168.1.112 Name: DESKTOP-1D1ORTK FullName: DESKTOP-1D1ORTK.lan
2025-04-02 11:39:32,658 INFO o.a.j.JMeter: Setting property 'jmeter.reportgenerator.outputdir' to:'C:\Users\User\Documents\maven-jemetre\demo\target\jmeter\reports\View Results Tree'
2025-04-02 11:39:32,658 INFO o.a.j.s.FileServer: Default base='C:\Users\User\Documents\maven-jemetre\demo\target\fff1f089-4313-403c-a94c-1ba1f8fa584a\jmeter\bin'
2025-04-02 11:39:32,658 INFO o.a.j.s.FileServer: Set new base='C:\Users\User\Documents\maven-jemetre\demo\target\jmeter\testFiles'
2025-04-02 11:39:32,835 INFO o.a.j.s.SaveService: Testplan (JMX) version: 2.2. Testlog (JTL) version: 2.2
2025-04-02 11:39:32,867 INFO o.a.j.s.SaveService: Using SaveService properties version 5.0
2025-04-02 11:39:32,867 INFO o.a.j.s.SaveService: Using SaveService properties file encoding UTF-8
2025-04-02 11:39:32,867 INFO o.a.j.s.SaveService: Loading file: C:\Users\User\Documents\maven-jemetre\demo\target\jmeter\testFiles\View Results Tree.jmx
2025-04-02 11:39:32,902 INFO o.a.j.JMeter: Creating summariser <summary>
2025-04-02 11:39:32,917 INFO o.a.j.r.d.ReportGenerator: ReportGenerator will use for Parsing the separator: ','
2025-04-02 11:39:32,917 INFO o.a.j.r.d.ReportGenerator: Will generate report at end of test from  results file: C:\Users\User\Documents\maven-jemetre\demo\target\jmeter\results\20250402-View Results Tree.csv
2025-04-02 11:39:32,917 INFO o.a.j.r.d.ReportGenerator: Reading report generator properties from: C:\Users\User\Documents\maven-jemetre\demo\target\fff1f089-4313-403c-a94c-1ba1f8fa584a\jmeter\bin\reportgenerator.properties
2025-04-02 11:39:32,917 INFO o.a.j.r.d.ReportGenerator: Merging with JMeter properties
2025-04-02 11:39:32,917 INFO o.a.j.r.c.ReportGeneratorConfiguration: Property 'jmeter.reportgenerator.temp_dir' not found, using default value 'temp' instead.
2025-04-02 11:39:32,922 INFO o.a.j.r.c.ReportGeneratorConfiguration: Property 'jmeter.reportgenerator.apdex_per_transaction' not found, using default value 'null' instead.
2025-04-02 11:39:32,927 INFO o.a.j.r.c.ReportGeneratorConfiguration: apdex_per_transaction is empty, not APDEX per transaction customization
2025-04-02 11:39:32,927 INFO o.a.j.r.c.ReportGeneratorConfiguration: Property 'jmeter.reportgenerator.sample_filter' not found, using default value 'null' instead.
2025-04-02 11:39:32,927 INFO o.a.j.r.c.ReportGeneratorConfiguration: Property 'jmeter.reportgenerator.report_title' not found, using default value 'null' instead.
2025-04-02 11:39:32,927 INFO o.a.j.r.c.ReportGeneratorConfiguration: Property 'jmeter.reportgenerator.start_date' not found, using default value 'null' instead.
2025-04-02 11:39:32,927 INFO o.a.j.r.c.ReportGeneratorConfiguration: Property 'jmeter.reportgenerator.end_date' not found, using default value 'null' instead.
2025-04-02 11:39:32,927 INFO o.a.j.r.c.ReportGeneratorConfiguration: Property 'jmeter.reportgenerator.date_format' not found, using default value 'null' instead.
2025-04-02 11:39:32,927 INFO o.a.j.r.c.ReportGeneratorConfiguration: Will use date range start date: null, end date: null
2025-04-02 11:39:32,927 INFO o.a.j.r.c.ReportGeneratorConfiguration: Property 'jmeter.reportgenerator.graph.totalTPS.exclude_controllers' not found, using default value 'false' instead.
2025-04-02 11:39:32,927 INFO o.a.j.r.c.ReportGeneratorConfiguration: Property 'jmeter.reportgenerator.graph.activeThreadsOverTime.exclude_controllers' not found, using default value 'false' instead.
2025-04-02 11:39:32,927 INFO o.a.j.r.c.ReportGeneratorConfiguration: Property 'jmeter.reportgenerator.graph.timeVsThreads.exclude_controllers' not found, using default value 'false' instead.
2025-04-02 11:39:32,927 INFO o.a.j.r.c.ReportGeneratorConfiguration: Property 'jmeter.reportgenerator.graph.responseTimeDistribution.exclude_controllers' not found, using default value 'false' instead.
2025-04-02 11:39:32,927 INFO o.a.j.r.c.ReportGeneratorConfiguration: Property 'jmeter.reportgenerator.graph.transactionsPerSecond.exclude_controllers' not found, using default value 'false' instead.
2025-04-02 11:39:32,927 INFO o.a.j.r.c.ReportGeneratorConfiguration: Property 'jmeter.reportgenerator.graph.responseTimePercentiles.exclude_controllers' not found, using default value 'false' instead.
2025-04-02 11:39:32,942 INFO o.a.j.r.c.ReportGeneratorConfiguration: Property 'jmeter.reportgenerator.graph.responseTimePercentilesOverTime.exclude_controllers' not found, using default value 'false' instead.
2025-04-02 11:39:32,942 INFO o.a.j.r.c.ReportGeneratorConfiguration: Property 'jmeter.reportgenerator.graph.responseTimesOverTime.exclude_controllers' not found, using default value 'false' instead.
2025-04-02 11:39:32,942 INFO o.a.j.r.c.ReportGeneratorConfiguration: Property 'jmeter.reportgenerator.graph.connectTimeOverTime.exclude_controllers' not found, using default value 'false' instead.
2025-04-02 11:39:32,942 INFO o.a.j.r.c.ReportGeneratorConfiguration: Property 'jmeter.reportgenerator.graph.latenciesOverTime.exclude_controllers' not found, using default value 'false' instead.
2025-04-02 11:39:32,944 INFO o.a.j.r.c.ReportGeneratorConfiguration: Property 'jmeter.reportgenerator.exporter.json.filters_only_sample_series' not found, using default value 'true' instead.
2025-04-02 11:39:32,944 INFO o.a.j.r.c.ReportGeneratorConfiguration: Property 'jmeter.reportgenerator.exporter.json.series_filter' not found, using default value '' instead.
2025-04-02 11:39:32,945 INFO o.a.j.r.c.ReportGeneratorConfiguration: Property 'jmeter.reportgenerator.exporter.json.show_controllers_only' not found, using default value 'false' instead.
2025-04-02 11:39:32,946 INFO o.a.j.r.c.ReportGeneratorConfiguration: Property 'jmeter.reportgenerator.exporter.html.filters_only_sample_series' not found, using default value 'true' instead.
2025-04-02 11:39:32,946 INFO o.a.j.r.c.ReportGeneratorConfiguration: Property 'jmeter.reportgenerator.exporter.html.series_filter' not found, using default value '' instead.
2025-04-02 11:39:32,946 INFO o.a.j.r.c.ReportGeneratorConfiguration: Property 'jmeter.reportgenerator.exporter.html.show_controllers_only' not found, using default value 'false' instead.
2025-04-02 11:39:32,946 INFO o.a.j.e.StandardJMeterEngine: Running the test!
2025-04-02 11:39:32,959 INFO o.a.j.s.SampleEvent: List of sample_variables: []
2025-04-02 11:39:32,960 INFO o.a.j.s.SampleEvent: List of sample_variables: []
2025-04-02 11:39:32,964 INFO o.a.j.e.u.CompoundVariable: Note: Function class names must contain the string: '.functions.'
2025-04-02 11:39:32,964 INFO o.a.j.e.u.CompoundVariable: Note: Function class names must not contain the string: '.gui.'
2025-04-02 11:39:32,977 INFO o.a.j.r.ClassFinder: Will scan jar C:\Users\User\Documents\maven-jemetre\demo\target\fff1f089-4313-403c-a94c-1ba1f8fa584a\jmeter\lib\ext\ApacheJMeter_jms-5.5.jar with filter ExtendsClassFilter [parents=[interface org.apache.jmeter.functions.Function], inner=false, contains=null, notContains=null]. Consider exposing JMeter plugins via META-INF/services, and add JMeter-Skip-Class-Scanning=true manifest attribute so JMeter can skip classfile scanning
2025-04-02 11:39:32,981 INFO o.a.j.r.ClassFinder: Will scan jar C:\Users\User\Documents\maven-jemetre\demo\target\fff1f089-4313-403c-a94c-1ba1f8fa584a\jmeter\lib\ext\ApacheJMeter_bolt-5.5.jar with filter ExtendsClassFilter [parents=[interface org.apache.jmeter.functions.Function], inner=false, contains=null, notContains=null]. Consider exposing JMeter plugins via META-INF/services, and add JMeter-Skip-Class-Scanning=true manifest attribute so JMeter can skip classfile scanning
2025-04-02 11:39:32,995 INFO o.a.j.r.ClassFinder: Will scan jar C:\Users\User\Documents\maven-jemetre\demo\target\fff1f089-4313-403c-a94c-1ba1f8fa584a\jmeter\lib\ext\ApacheJMeter_mail-5.5.jar with filter ExtendsClassFilter [parents=[interface org.apache.jmeter.functions.Function], inner=false, contains=null, notContains=null]. Consider exposing JMeter plugins via META-INF/services, and add JMeter-Skip-Class-Scanning=true manifest attribute so JMeter can skip classfile scanning
2025-04-02 11:39:33,003 INFO o.a.j.r.ClassFinder: Will scan jar C:\Users\User\Documents\maven-jemetre\demo\target\fff1f089-4313-403c-a94c-1ba1f8fa584a\jmeter\lib\ext\ApacheJMeter_java-5.5.jar with filter ExtendsClassFilter [parents=[interface org.apache.jmeter.functions.Function], inner=false, contains=null, notContains=null]. Consider exposing JMeter plugins via META-INF/services, and add JMeter-Skip-Class-Scanning=true manifest attribute so JMeter can skip classfile scanning
2025-04-02 11:39:33,013 INFO o.a.j.r.ClassFinder: Will scan jar C:\Users\User\Documents\maven-jemetre\demo\target\fff1f089-4313-403c-a94c-1ba1f8fa584a\jmeter\lib\ext\ApacheJMeter_ftp-5.5.jar with filter ExtendsClassFilter [parents=[interface org.apache.jmeter.functions.Function], inner=false, contains=null, notContains=null]. Consider exposing JMeter plugins via META-INF/services, and add JMeter-Skip-Class-Scanning=true manifest attribute so JMeter can skip classfile scanning
2025-04-02 11:39:33,013 INFO o.a.j.r.ClassFinder: Will scan jar C:\Users\User\Documents\maven-jemetre\demo\target\fff1f089-4313-403c-a94c-1ba1f8fa584a\jmeter\lib\ext\ApacheJMeter_tcp-5.5.jar with filter ExtendsClassFilter [parents=[interface org.apache.jmeter.functions.Function], inner=false, contains=null, notContains=null]. Consider exposing JMeter plugins via META-INF/services, and add JMeter-Skip-Class-Scanning=true manifest attribute so JMeter can skip classfile scanning
2025-04-02 11:39:33,013 INFO o.a.j.r.ClassFinder: Will scan jar C:\Users\User\Documents\maven-jemetre\demo\target\fff1f089-4313-403c-a94c-1ba1f8fa584a\jmeter\lib\ext\jmeter-plugins-webdriver-4.13.0.2.jar with filter ExtendsClassFilter [parents=[interface org.apache.jmeter.functions.Function], inner=false, contains=null, notContains=null]. Consider exposing JMeter plugins via META-INF/services, and add JMeter-Skip-Class-Scanning=true manifest attribute so JMeter can skip classfile scanning
2025-04-02 11:39:33,029 INFO o.a.j.r.ClassFinder: Will scan jar C:\Users\User\Documents\maven-jemetre\demo\target\fff1f089-4313-403c-a94c-1ba1f8fa584a\jmeter\lib\ext\ApacheJMeter_components-5.5.jar with filter ExtendsClassFilter [parents=[interface org.apache.jmeter.functions.Function], inner=false, contains=null, notContains=null]. Consider exposing JMeter plugins via META-INF/services, and add JMeter-Skip-Class-Scanning=true manifest attribute so JMeter can skip classfile scanning
2025-04-02 11:39:33,125 INFO o.a.j.r.ClassFinder: Will scan jar C:\Users\User\Documents\maven-jemetre\demo\target\fff1f089-4313-403c-a94c-1ba1f8fa584a\jmeter\lib\ext\ApacheJMeter_junit-5.5.jar with filter ExtendsClassFilter [parents=[interface org.apache.jmeter.functions.Function], inner=false, contains=null, notContains=null]. Consider exposing JMeter plugins via META-INF/services, and add JMeter-Skip-Class-Scanning=true manifest attribute so JMeter can skip classfile scanning
2025-04-02 11:39:33,125 INFO o.a.j.r.ClassFinder: Will scan jar C:\Users\User\Documents\maven-jemetre\demo\target\fff1f089-4313-403c-a94c-1ba1f8fa584a\jmeter\lib\ext\ApacheJMeter_http-5.5.jar with filter ExtendsClassFilter [parents=[interface org.apache.jmeter.functions.Function], inner=false, contains=null, notContains=null]. Consider exposing JMeter plugins via META-INF/services, and add JMeter-Skip-Class-Scanning=true manifest attribute so JMeter can skip classfile scanning
2025-04-02 11:39:33,189 INFO o.a.j.r.ClassFinder: Will scan jar C:\Users\User\Documents\maven-jemetre\demo\target\fff1f089-4313-403c-a94c-1ba1f8fa584a\jmeter\lib\ext\ApacheJMeter_mongodb-5.5.jar with filter ExtendsClassFilter [parents=[interface org.apache.jmeter.functions.Function], inner=false, contains=null, notContains=null]. Consider exposing JMeter plugins via META-INF/services, and add JMeter-Skip-Class-Scanning=true manifest attribute so JMeter can skip classfile scanning
2025-04-02 11:39:33,204 INFO o.a.j.r.ClassFinder: Will scan jar C:\Users\User\Documents\maven-jemetre\demo\target\fff1f089-4313-403c-a94c-1ba1f8fa584a\jmeter\lib\ext\ApacheJMeter_core-5.5.jar with filter ExtendsClassFilter [parents=[interface org.apache.jmeter.functions.Function], inner=false, contains=null, notContains=null]. Consider exposing JMeter plugins via META-INF/services, and add JMeter-Skip-Class-Scanning=true manifest attribute so JMeter can skip classfile scanning
2025-04-02 11:39:33,274 INFO o.a.j.r.ClassFinder: Will scan jar C:\Users\User\Documents\maven-jemetre\demo\target\fff1f089-4313-403c-a94c-1ba1f8fa584a\jmeter\lib\ext\ApacheJMeter_functions-5.5.jar with filter ExtendsClassFilter [parents=[interface org.apache.jmeter.functions.Function], inner=false, contains=null, notContains=null]. Consider exposing JMeter plugins via META-INF/services, and add JMeter-Skip-Class-Scanning=true manifest attribute so JMeter can skip classfile scanning
2025-04-02 11:39:33,290 INFO o.a.j.r.ClassFinder: Will scan jar C:\Users\User\Documents\maven-jemetre\demo\target\fff1f089-4313-403c-a94c-1ba1f8fa584a\jmeter\lib\ext\ApacheJMeter_jdbc-5.5.jar with filter ExtendsClassFilter [parents=[interface org.apache.jmeter.functions.Function], inner=false, contains=null, notContains=null]. Consider exposing JMeter plugins via META-INF/services, and add JMeter-Skip-Class-Scanning=true manifest attribute so JMeter can skip classfile scanning
2025-04-02 11:39:33,294 INFO o.a.j.r.ClassFinder: Will scan jar C:\Users\User\Documents\maven-jemetre\demo\target\fff1f089-4313-403c-a94c-1ba1f8fa584a\jmeter\lib\ext\ApacheJMeter_ldap-5.5.jar with filter ExtendsClassFilter [parents=[interface org.apache.jmeter.functions.Function], inner=false, contains=null, notContains=null]. Consider exposing JMeter plugins via META-INF/services, and add JMeter-Skip-Class-Scanning=true manifest attribute so JMeter can skip classfile scanning
2025-04-02 11:39:33,294 INFO o.a.j.r.ClassFinder: Will scan jar C:\Users\User\Documents\maven-jemetre\demo\target\fff1f089-4313-403c-a94c-1ba1f8fa584a\jmeter\lib\ext\ApacheJMeter_native-5.5.jar with filter ExtendsClassFilter [parents=[interface org.apache.jmeter.functions.Function], inner=false, contains=null, notContains=null]. Consider exposing JMeter plugins via META-INF/services, and add JMeter-Skip-Class-Scanning=true manifest attribute so JMeter can skip classfile scanning
2025-04-02 11:39:33,326 INFO o.a.j.JMeter: Lancer test (1743586773326)
2025-04-02 11:39:33,337 INFO o.a.j.e.StandardJMeterEngine: No enabled thread groups found
2025-04-02 11:39:33,337 INFO o.a.j.e.StandardJMeterEngine: Notifying test listeners of end of test
2025-04-02 11:39:33,337 INFO o.a.j.r.Summariser: summary =      0 in 00:00:00 = ******/s Avg:     0 Min: 9223372036854775807 Max: -9223372036854775808 Err:     0 (0,00%)
2025-04-02 11:39:33,337 INFO o.a.j.JMeter: Generating Dashboard
2025-04-02 11:39:33,337 INFO o.a.j.r.d.ReportGenerator: Flushing result collector before report Generation
2025-04-02 11:39:33,352 INFO o.a.j.r.p.NormalizerSampleConsumer: Using format, 'ms', to parse timeStamp field
2025-04-02 11:39:33,404 INFO o.a.j.r.p.AbstractSampleConsumer: class org.apache.jmeter.report.processor.AggregateConsumer#stopProducing(): beginDate produced 0 samples
2025-04-02 11:39:33,404 INFO o.a.j.r.p.AbstractSampleConsumer: class org.apache.jmeter.report.processor.AggregateConsumer#stopProducing(): endDate produced 0 samples
2025-04-02 11:39:33,404 INFO o.a.j.r.p.AbstractSampleConsumer: class org.apache.jmeter.report.processor.ApdexSummaryConsumer#stopProducing(): apdexSummary produced 0 samples
2025-04-02 11:39:33,404 INFO o.a.j.r.p.AbstractSampleConsumer: class org.apache.jmeter.report.processor.RequestsSummaryConsumer#stopProducing(): requestsSummary produced 0 samples
2025-04-02 11:39:33,404 INFO o.a.j.r.p.AbstractSampleConsumer: class org.apache.jmeter.report.processor.StatisticsSummaryConsumer#stopProducing(): statisticsSummary produced 0 samples
2025-04-02 11:39:33,404 INFO o.a.j.r.p.AbstractSampleConsumer: class org.apache.jmeter.report.processor.Top5ErrorsBySamplerConsumer#stopProducing(): top5ErrorsBySampler produced 0 samples
2025-04-02 11:39:33,404 INFO o.a.j.r.p.AbstractSampleConsumer: class org.apache.jmeter.report.processor.ErrorsSummaryConsumer#stopProducing(): errorsSummary produced 0 samples
2025-04-02 11:39:33,404 INFO o.a.j.r.p.AbstractSampleConsumer: class org.apache.jmeter.report.processor.graph.impl.HitsPerSecondGraphConsumer#stopProducing(): hitsPerSecond produced 0 samples
2025-04-02 11:39:33,412 INFO o.a.j.r.p.AbstractSampleConsumer: class org.apache.jmeter.report.processor.graph.impl.LatencyVSRequestGraphConsumer#stopProducing(): latencyVsRequest produced 0 samples
2025-04-02 11:39:33,412 INFO o.a.j.r.p.AbstractSampleConsumer: class org.apache.jmeter.report.processor.graph.impl.SyntheticResponseTimeDistributionGraphConsumer#stopProducing(): syntheticResponseTimeDistribution produced 0 samples
2025-04-02 11:39:33,412 INFO o.a.j.r.p.AbstractSampleConsumer: class org.apache.jmeter.report.processor.graph.impl.BytesThroughputGraphConsumer#stopProducing(): bytesThroughputOverTime produced 0 samples
2025-04-02 11:39:33,412 INFO o.a.j.r.p.AbstractSampleConsumer: class org.apache.jmeter.report.processor.graph.impl.CodesPerSecondGraphConsumer#stopProducing(): codesPerSecond produced 0 samples
2025-04-02 11:39:33,412 INFO o.a.j.r.p.AbstractSampleConsumer: class org.apache.jmeter.report.processor.graph.impl.ResponseTimeVSRequestGraphConsumer#stopProducing(): responseTimeVsRequest produced 0 samples
2025-04-02 11:39:33,412 INFO o.a.j.r.p.AbstractSampleConsumer: class org.apache.jmeter.report.processor.FilterConsumer#stopProducing(): startIntervalControlerFilter produced 0 samples
2025-04-02 11:39:33,412 INFO o.a.j.r.p.AbstractSampleConsumer: class org.apache.jmeter.report.processor.graph.impl.TotalTPSGraphConsumer#stopProducing(): totalTPS produced 0 samples
2025-04-02 11:39:33,412 INFO o.a.j.r.p.AbstractSampleConsumer: class org.apache.jmeter.report.processor.graph.impl.ActiveThreadsGraphConsumer#stopProducing(): activeThreadsOverTime produced 0 samples
2025-04-02 11:39:33,412 INFO o.a.j.r.p.AbstractSampleConsumer: class org.apache.jmeter.report.processor.graph.impl.TimeVSThreadGraphConsumer#stopProducing(): timeVsThreads produced 0 samples
2025-04-02 11:39:33,412 INFO o.a.j.r.p.AbstractSampleConsumer: class org.apache.jmeter.report.processor.graph.impl.ResponseTimeDistributionGraphConsumer#stopProducing(): responseTimeDistribution produced 0 samples
2025-04-02 11:39:33,412 INFO o.a.j.r.p.AbstractSampleConsumer: class org.apache.jmeter.report.processor.graph.impl.TransactionsPerSecondGraphConsumer#stopProducing(): transactionsPerSecond produced 0 samples
2025-04-02 11:39:33,412 INFO o.a.j.r.p.AbstractSampleConsumer: class org.apache.jmeter.report.processor.graph.impl.ResponseTimePercentilesGraphConsumer#stopProducing(): responseTimePercentiles produced 0 samples
2025-04-02 11:39:33,412 INFO o.a.j.r.p.AbstractSampleConsumer: class org.apache.jmeter.report.processor.graph.impl.ResponseTimePercentilesOverTimeGraphConsumer#stopProducing(): responseTimePercentilesOverTime produced 0 samples
2025-04-02 11:39:33,412 INFO o.a.j.r.p.AbstractSampleConsumer: class org.apache.jmeter.report.processor.graph.impl.ResponseTimeOverTimeGraphConsumer#stopProducing(): responseTimesOverTime produced 0 samples
2025-04-02 11:39:33,412 INFO o.a.j.r.p.AbstractSampleConsumer: class org.apache.jmeter.report.processor.graph.impl.ConnectTimeOverTimeGraphConsumer#stopProducing(): connectTimeOverTime produced 0 samples
2025-04-02 11:39:33,412 INFO o.a.j.r.p.AbstractSampleConsumer: class org.apache.jmeter.report.processor.graph.impl.LatencyOverTimeGraphConsumer#stopProducing(): latenciesOverTime produced 0 samples
2025-04-02 11:39:33,412 INFO o.a.j.r.p.AbstractSampleConsumer: class org.apache.jmeter.report.processor.FilterConsumer#stopProducing(): nameFilter produced 0 samples
2025-04-02 11:39:33,412 INFO o.a.j.r.p.AbstractSampleConsumer: class org.apache.jmeter.report.processor.FilterConsumer#stopProducing(): dateRangeFilter produced 0 samples
2025-04-02 11:39:33,412 INFO o.a.j.r.p.AbstractSampleConsumer: class org.apache.jmeter.report.processor.NormalizerSampleConsumer#stopProducing(): normalizer produced 0 samples
2025-04-02 11:39:33,412 INFO o.a.j.r.p.CsvFileSampleSource: produce(): 0 samples produced in 30ms on channel 0
2025-04-02 11:39:33,412 INFO o.a.j.r.d.ReportGenerator: Exporting data using exporter:'json' of className:'org.apache.jmeter.report.dashboard.JsonExporter'
2025-04-02 11:39:33,476 INFO o.a.j.r.d.JsonExporter: Found data for consumer statisticsSummary in context
2025-04-02 11:39:33,476 INFO o.a.j.r.d.JsonExporter: Creating statistics for overall
2025-04-02 11:39:33,476 ERROR o.a.j.JMeter: Error generating the report: Cannot invoke "org.apache.jmeter.report.processor.MapResultData.getResult(String)" because "resultData" is null
java.lang.NullPointerException: Cannot invoke "org.apache.jmeter.report.processor.MapResultData.getResult(String)" because "resultData" is null
	at org.apache.jmeter.report.dashboard.JsonExporter.createStatistic(JsonExporter.java:126) ~[ApacheJMeter_core-5.6.3.jar:5.6.3]
	at org.apache.jmeter.report.dashboard.JsonExporter.export(JsonExporter.java:77) ~[ApacheJMeter_core-5.6.3.jar:5.6.3]
	at org.apache.jmeter.report.dashboard.ReportGenerator.exportData(ReportGenerator.java:383) ~[ApacheJMeter_core-5.6.3.jar:5.6.3]
	at org.apache.jmeter.report.dashboard.ReportGenerator.generate(ReportGenerator.java:261) ~[ApacheJMeter_core-5.6.3.jar:5.6.3]
	at org.apache.jmeter.JMeter$ListenToTest.endTest(JMeter.java:1285) ~[ApacheJMeter_core-5.6.3.jar:5.6.3]
	at org.apache.jmeter.JMeter$ListenToTest.testEnded(JMeter.java:1240) ~[ApacheJMeter_core-5.6.3.jar:5.6.3]
	at org.apache.jmeter.engine.StandardJMeterEngine.notifyTestListenersOfEnd(StandardJMeterEngine.java:266) ~[ApacheJMeter_core-5.6.3.jar:5.6.3]
	at org.apache.jmeter.engine.StandardJMeterEngine.run(StandardJMeterEngine.java:543) ~[ApacheJMeter_core-5.6.3.jar:5.6.3]
	at java.base/java.util.concurrent.Executors$RunnableAdapter.call(Executors.java:572) ~[?:?]
	at java.base/java.util.concurrent.FutureTask.run(FutureTask.java:317) ~[?:?]
	at java.base/java.util.concurrent.ThreadPoolExecutor.runWorker(ThreadPoolExecutor.java:1144) ~[?:?]
	at java.base/java.util.concurrent.ThreadPoolExecutor$Worker.run(ThreadPoolExecutor.java:642) ~[?:?]
	at java.base/java.lang.Thread.run(Thread.java:1583) [?:?]
